<?xml version="1.0" encoding="utf-8"?>
<test-run id="2" testcasecount="15" result="Failed(Child)" total="15" passed="13" failed="2" inconclusive="0" skipped="0" asserts="0" engine-version="3.5.0.0" clr-version="4.0.30319.42000" start-time="2026-01-30 16:45:41Z" end-time="2026-01-30 16:46:23Z" duration="42.5511523">
  <test-suite type="TestSuite" id="1027" name="Vanguard Arena" fullname="Vanguard Arena" runstate="Runnable" testcasecount="15" result="Failed" site="Child" start-time="2026-01-30 16:45:41Z" end-time="2026-01-30 16:46:23Z" duration="42.551152" total="15" passed="13" failed="2" inconclusive="0" skipped="0" asserts="0">
    <properties>
      <property name="platform" value="PlayMode" />
    </properties>
    <failure>
      <message><![CDATA[One or more child tests had errors]]></message>
    </failure>
    <test-suite type="Assembly" id="1022" name="VanguardArena.Tests.PlayMode.dll" fullname="D:/Projects/GameDevelopment/Unity/Vanguard Arena/Library/ScriptAssemblies/VanguardArena.Tests.PlayMode.dll" runstate="Runnable" testcasecount="15" result="Failed" site="Child" start-time="2026-01-30 16:45:41Z" end-time="2026-01-30 16:46:23Z" duration="42.536371" total="15" passed="13" failed="2" inconclusive="0" skipped="0" asserts="0">
      <properties>
        <property name="_PID" value="24396" />
        <property name="_APPDOMAIN" value="Unity Child Domain" />
        <property name="platform" value="PlayMode" />
        <property name="EditorOnly" value="False" />
      </properties>
      <failure>
        <message><![CDATA[One or more child tests had errors]]></message>
      </failure>
      <test-suite type="TestSuite" id="1023" name="VanguardArena" fullname="VanguardArena" runstate="Runnable" testcasecount="15" result="Failed" site="Child" start-time="2026-01-30 16:45:41Z" end-time="2026-01-30 16:46:23Z" duration="42.526942" total="15" passed="13" failed="2" inconclusive="0" skipped="0" asserts="0">
        <properties />
        <failure>
          <message><![CDATA[One or more child tests had errors]]></message>
        </failure>
        <test-suite type="TestSuite" id="1024" name="Tests" fullname="VanguardArena.Tests" runstate="Runnable" testcasecount="15" result="Failed" site="Child" start-time="2026-01-30 16:45:41Z" end-time="2026-01-30 16:46:23Z" duration="42.519175" total="15" passed="13" failed="2" inconclusive="0" skipped="0" asserts="0">
          <properties />
          <failure>
            <message><![CDATA[One or more child tests had errors]]></message>
          </failure>
          <test-suite type="TestSuite" id="1025" name="PlayMode" fullname="VanguardArena.Tests.PlayMode" runstate="Runnable" testcasecount="15" result="Failed" site="Child" start-time="2026-01-30 16:45:41Z" end-time="2026-01-30 16:46:23Z" duration="42.509301" total="15" passed="13" failed="2" inconclusive="0" skipped="0" asserts="0">
            <properties />
            <failure>
              <message><![CDATA[One or more child tests had errors]]></message>
            </failure>
            <test-suite type="TestSuite" id="1026" name="Integration" fullname="VanguardArena.Tests.PlayMode.Integration" runstate="Runnable" testcasecount="15" result="Failed" site="Child" start-time="2026-01-30 16:45:41Z" end-time="2026-01-30 16:46:23Z" duration="42.502395" total="15" passed="13" failed="2" inconclusive="0" skipped="0" asserts="0">
              <properties />
              <failure>
                <message><![CDATA[One or more child tests had errors]]></message>
              </failure>
              <test-suite type="TestFixture" id="1004" name="AnimationSystemTests" fullname="VanguardArena.Tests.PlayMode.Integration.AnimationSystemTests" classname="VanguardArena.Tests.PlayMode.Integration.AnimationSystemTests" runstate="Runnable" testcasecount="4" result="Passed" start-time="2026-01-30 16:45:41Z" end-time="2026-01-30 16:45:42Z" duration="1.382199" total="4" passed="4" failed="0" inconclusive="0" skipped="0" asserts="0">
                <properties />
                <test-case id="1007" name="AnimationTestHelper_GetCurrentClipName_ReturnsNoneForEmpty" fullname="VanguardArena.Tests.PlayMode.Integration.AnimationSystemTests.AnimationTestHelper_GetCurrentClipName_ReturnsNoneForEmpty" methodname="AnimationTestHelper_GetCurrentClipName_ReturnsNoneForEmpty" classname="VanguardArena.Tests.PlayMode.Integration.AnimationSystemTests" runstate="Runnable" seed="2077867730" result="Passed" start-time="2026-01-30 16:45:41Z" end-time="2026-01-30 16:45:41Z" duration="0.477186" asserts="0">
                  <properties>
                    <property name="_JOINTYPE" value="UnityCombinatorial" />
                    <property name="retryIteration" value="0" />
                    <property name="repeatIteration" value="0" />
                  </properties>
                  <output><![CDATA[[FileLogger] Initialized. Logging to: D:/Projects/GameDevelopment/Unity/Vanguard Arena/Assets\..\battle_debug.log
[23:45:41.316] [INFO] HUD root children=1 names: root
[23:45:41.319] [HUD] HUD found btnBasic=True, btnUlt=True, btnPassive=True, actionPanel=True
[23:45:41.319] [HUD] HUD doc VTA = BattleHUD
[23:45:41.326] [INIT] BattleController initialized
[23:45:41.350] [INFO]  Initialized DamagePopup pool with 15 instances.
[23:45:41.351] [INIT] Player lineup count: 6, Enemy lineup count: 6
[23:45:41.352] [SPAWN] Spawning 6 units for PLAYER team
[23:45:41.352] [SPAWN] Aurelius created: IsEnemy=False, Slot=0, Column=0, Row=0, HP=165/165, ATK=10
[23:45:41.362] [SPAWN] GameObject instantiated: PL_Aurelius_0
[23:45:41.363] [INDICATOR] Created default visual for PL_Aurelius_0
[23:45:41.368] [COLOR] Applied BLUE (Player) to Aurelius
[23:45:41.368] [VIEW-REFRESH] Aurelius alive=True, _deathAnimationStarted=False
[23:45:41.369] [SPAWN] View bound successfully for Aurelius
[23:45:41.369] [SPAWN] Elara created: IsEnemy=False, Slot=1, Column=1, Row=0, HP=80/80, ATK=8
[23:45:41.369] [SPAWN] GameObject instantiated: PL_Elara_1
[23:45:41.370] [INDICATOR] Created default visual for PL_Elara_1
[23:45:41.370] [COLOR] Applied BLUE (Player) to Elara
[23:45:41.370] [VIEW-REFRESH] Elara alive=True, _deathAnimationStarted=False
[23:45:41.370] [SPAWN] View bound successfully for Elara
[23:45:41.370] [SPAWN] Malzahar created: IsEnemy=False, Slot=2, Column=2, Row=0, HP=80/80, ATK=16
[23:45:41.370] [SPAWN] GameObject instantiated: PL_Malzahar_2
[23:45:41.371] [INDICATOR] Created default visual for PL_Malzahar_2
[23:45:41.371] [COLOR] Applied BLUE (Player) to Malzahar
[23:45:41.371] [VIEW-REFRESH] Malzahar alive=True, _deathAnimationStarted=False
[23:45:41.371] [SPAWN] View bound successfully for Malzahar
[23:45:41.371] [SPAWN] Aegis created: IsEnemy=False, Slot=3, Column=0, Row=1, HP=150/150, ATK=8
[23:45:41.371] [SPAWN] GameObject instantiated: PL_Aegis_3
[23:45:41.371] [INDICATOR] Created default visual for PL_Aegis_3
[23:45:41.373] [COLOR] Applied BLUE (Player) to Aegis
[23:45:41.373] [VIEW-REFRESH] Aegis alive=True, _deathAnimationStarted=False
[23:45:41.373] [SPAWN] View bound successfully for Aegis
[23:45:41.373] [SPAWN] Gorok created: IsEnemy=False, Slot=4, Column=1, Row=1, HP=135/135, ATK=9
[23:45:41.373] [SPAWN] GameObject instantiated: PL_Gorok_4
[23:45:41.373] [INDICATOR] Created default visual for PL_Gorok_4
[23:45:41.373] [COLOR] Applied BLUE (Player) to Gorok
[23:45:41.373] [VIEW-REFRESH] Gorok alive=True, _deathAnimationStarted=False
[23:45:41.374] [SPAWN] View bound successfully for Gorok
[23:45:41.374] [SPAWN] Artemis created: IsEnemy=False, Slot=5, Column=2, Row=1, HP=70/70, ATK=15
[23:45:41.374] [SPAWN] GameObject instantiated: PL_Artemis_5
[23:45:41.374] [INDICATOR] Created default visual for PL_Artemis_5
[23:45:41.374] [COLOR] Applied BLUE (Player) to Artemis
[23:45:41.374] [VIEW-REFRESH] Artemis alive=True, _deathAnimationStarted=False
[23:45:41.374] [SPAWN] View bound successfully for Artemis
[23:45:41.374] [SPAWN] Team spawn complete. Total units in battle: 6
[23:45:41.374] [SPAWN] Spawning 6 units for ENEMY team
[23:45:41.374] [SPAWN] Lumina created: IsEnemy=True, Slot=0, Column=0, Row=0, HP=95/95, ATK=9
[23:45:41.376] [SPAWN] GameObject instantiated: EN_Lumina_0
[23:45:41.377] [INDICATOR] Created default visual for EN_Lumina_0
[23:45:41.377] [COLOR] Applied RED (Enemy) to Lumina
[23:45:41.377] [VIEW-REFRESH] Lumina alive=True, _deathAnimationStarted=False
[23:45:41.377] [SPAWN] View bound successfully for Lumina
[23:45:41.377] [SPAWN] Merlin created: IsEnemy=True, Slot=1, Column=1, Row=0, HP=85/85, ATK=15
[23:45:41.378] [SPAWN] GameObject instantiated: EN_Merlin_1
[23:45:41.378] [INDICATOR] Created default visual for EN_Merlin_1
[23:45:41.378] [COLOR] Applied RED (Enemy) to Merlin
[23:45:41.378] [VIEW-REFRESH] Merlin alive=True, _deathAnimationStarted=False
[23:45:41.378] [SPAWN] View bound successfully for Merlin
[23:45:41.378] [SPAWN] Mortis created: IsEnemy=True, Slot=2, Column=2, Row=0, HP=85/85, ATK=14
[23:45:41.379] [SPAWN] GameObject instantiated: EN_Mortis_2
[23:45:41.379] [INDICATOR] Created default visual for EN_Mortis_2
[23:45:41.380] [COLOR] Applied RED (Enemy) to Mortis
[23:45:41.380] [VIEW-REFRESH] Mortis alive=True, _deathAnimationStarted=False
[23:45:41.380] [SPAWN] View bound successfully for Mortis
[23:45:41.380] [SPAWN] Kaito created: IsEnemy=True, Slot=3, Column=0, Row=1, HP=90/90, ATK=20
[23:45:41.380] [SPAWN] GameObject instantiated: EN_Kaito_3
[23:45:41.380] [INDICATOR] Created default visual for EN_Kaito_3
[23:45:41.381] [COLOR] Applied RED (Enemy) to Kaito
[23:45:41.381] [VIEW-REFRESH] Kaito alive=True, _deathAnimationStarted=False
[23:45:41.381] [SPAWN] View bound successfully for Kaito
[23:45:41.381] [SPAWN] Kuro created: IsEnemy=True, Slot=4, Column=1, Row=1, HP=75/75, ATK=12
[23:45:41.382] [SPAWN] GameObject instantiated: EN_Kuro_4
[23:45:41.382] [INDICATOR] Created default visual for EN_Kuro_4
[23:45:41.383] [COLOR] Applied RED (Enemy) to Kuro
[23:45:41.383] [VIEW-REFRESH] Kuro alive=True, _deathAnimationStarted=False
[23:45:41.383] [SPAWN] View bound successfully for Kuro
[23:45:41.383] [SPAWN] Draven created: IsEnemy=True, Slot=5, Column=2, Row=1, HP=210/210, ATK=16
[23:45:41.383] [SPAWN] GameObject instantiated: EN_Draven_5
[23:45:41.383] [INDICATOR] Created default visual for EN_Draven_5
[23:45:41.384] [COLOR] Applied RED (Enemy) to Draven
[23:45:41.384] [VIEW-REFRESH] Draven alive=True, _deathAnimationStarted=False
[23:45:41.384] [SPAWN] View bound successfully for Draven
[23:45:41.384] [SPAWN] Team spawn complete. Total units in battle: 12
[23:45:41.384] [INIT] All units spawned. Total units: 12
[23:45:41.384] [INIT] Player units: Aurelius, Elara, Malzahar, Aegis, Gorok, Artemis
[23:45:41.384] [INIT] Enemy units: Lumina, Merlin, Mortis, Kaito, Kuro, Draven
[23:45:41.386] [PASSIVE] 🌟 Aegis triggers 'Protective Shield' (OnBattleStart)
[23:45:41.386] [PASSIVE]    Effect: Shield, Value: 30, Modifier: 0.2, Duration: 99
[23:45:41.386] [PASSIVE]    Targeting 6 allies: Aurelius, Elara, Malzahar, Aegis, Gorok, Artemis
[23:45:41.387] [EFFECT] ✨ Applying Shield to Aurelius: value=30, modifier=0, duration=99
[23:45:41.387] [EFFECT]    🛡️ Shield added: 0 -> 30 (stacked)
[23:45:41.387] [EFFECT] ✨ Applying Shield to Elara: value=30, modifier=0, duration=99
[23:45:41.387] [EFFECT]    🛡️ Shield added: 0 -> 30 (stacked)
[23:45:41.387] [EFFECT] ✨ Applying Shield to Malzahar: value=30, modifier=0, duration=99
[23:45:41.387] [EFFECT]    🛡️ Shield added: 0 -> 30 (stacked)
[23:45:41.387] [EFFECT] ✨ Applying Shield to Aegis: value=30, modifier=0, duration=99
[23:45:41.387] [EFFECT]    🛡️ Shield added: 0 -> 30 (stacked)
[23:45:41.387] [EFFECT] ✨ Applying Shield to Gorok: value=30, modifier=0, duration=99
[23:45:41.387] [EFFECT]    🛡️ Shield added: 0 -> 30 (stacked)
[23:45:41.387] [EFFECT] ✨ Applying Shield to Artemis: value=30, modifier=0, duration=99
[23:45:41.387] [EFFECT]    🛡️ Shield added: 0 -> 30 (stacked)
[23:45:41.388] [PASSIVE] ✅ Passive 'Protective Shield' complete
[23:45:41.388] [PASSIVE] 🌟 Kuro triggers 'Quick Strike' (OnBattleStart)
[23:45:41.388] [PASSIVE]    Effect: ATKUp, Value: 0, Modifier: 0.2, Duration: 1
[23:45:41.388] [PASSIVE]    Targeting self: Kuro
[23:45:41.388] [EFFECT] ✨ Applying ATKUp to Kuro: value=0, modifier=0.2, duration=1
[23:45:41.389] [EFFECT]    📊 ATKUp applied: 20 % for 1 turns
[23:45:41.389] [PASSIVE] ✅ Passive 'Quick Strike' complete
[23:45:41.390] [INFO]  Start() called. Spawning done. Starting coroutine...
[23:45:41.390] [DEBUG] Checking victory conditions (Turn Start) - Player team dead: False, Enemy team dead: False
[23:45:41.392] [TURN] Timeline: Kaito -> Artemis -> Elara -> Kuro -> Lumina -> Malzahar -> Merlin -> Mortis -> Aegis -> Draven -> Aurelius -> Gorok
[23:45:41.392] [PASSIVE] 🌟 Elara triggers 'Combat Boost' (OnTurnStart)
[23:45:41.392] [PASSIVE]    Effect: ATKUp, Value: 0, Modifier: 0.2, Duration: 1
[23:45:41.392] [PASSIVE]    Targeting 6 allies: Aurelius, Elara, Malzahar, Aegis, Gorok, Artemis
[23:45:41.392] [EFFECT] ✨ Applying ATKUp to Aurelius: value=0, modifier=0.2, duration=1
[23:45:41.392] [EFFECT]    📊 ATKUp applied: 20 % for 1 turns
[23:45:41.392] [EFFECT] ✨ Applying ATKUp to Elara: value=0, modifier=0.2, duration=1
[23:45:41.392] [EFFECT]    📊 ATKUp applied: 20 % for 1 turns
[23:45:41.392] [EFFECT] ✨ Applying ATKUp to Malzahar: value=0, modifier=0.2, duration=1
[23:45:41.394] [EFFECT]    📊 ATKUp applied: 20 % for 1 turns
[23:45:41.394] [EFFECT] ✨ Applying ATKUp to Aegis: value=0, modifier=0.2, duration=1
[23:45:41.394] [EFFECT]    📊 ATKUp applied: 20 % for 1 turns
[23:45:41.394] [EFFECT] ✨ Applying ATKUp to Gorok: value=0, modifier=0.2, duration=1
[23:45:41.394] [EFFECT]    📊 ATKUp applied: 20 % for 1 turns
[23:45:41.394] [EFFECT] ✨ Applying ATKUp to Artemis: value=0, modifier=0.2, duration=1
[23:45:41.394] [EFFECT]    📊 ATKUp applied: 20 % for 1 turns
[23:45:41.394] [PASSIVE] ✅ Passive 'Combat Boost' complete
[23:45:41.394] [TURN] Unit: Kaito, IsEnemy: True, HP: 90/90, Energy: 0
[23:45:41.395] [TURN] ATK: 20, DEF: 5, SPD: 17, Type: Melee
[23:45:41.395] [INFO] [TARGET] Kaito (Col 0) selecting target...
[23:45:41.395] [TARGET] → Found front row target: Aurelius (Col 0, Row 0)
[23:45:41.397] [BASIC] ⚔️ Kaito (ATK:20, Type:Melee) -> Aurelius (HP:165/165, DEF:18)
[23:45:41.397] [BASIC] Moving Kaito to target position (Melee)
[23:45:41.610] [ENERGY] ⚡ Energy gained: 2 -> 3 (+1)
[23:45:41.610] [BASIC] Number of hits: 1 (Range: 1-2)
[23:45:41.610] [BASIC] --- Hit 1/1 ---
Animator is not playing an AnimatorController
[FileLogger] Shutdown complete. Log saved to: D:/Projects/GameDevelopment/Unity/Vanguard Arena/Assets\..\battle_debug.log
]]></output>
                </test-case>
                <test-case id="1006" name="AnimationTestHelper_HasParameter_DetectsParameters" fullname="VanguardArena.Tests.PlayMode.Integration.AnimationSystemTests.AnimationTestHelper_HasParameter_DetectsParameters" methodname="AnimationTestHelper_HasParameter_DetectsParameters" classname="VanguardArena.Tests.PlayMode.Integration.AnimationSystemTests" runstate="Runnable" seed="1932690144" result="Passed" start-time="2026-01-30 16:45:41Z" end-time="2026-01-30 16:45:41Z" duration="0.173431" asserts="0">
                  <properties>
                    <property name="_JOINTYPE" value="UnityCombinatorial" />
                    <property name="retryIteration" value="0" />
                    <property name="repeatIteration" value="0" />
                  </properties>
                  <output><![CDATA[[FileLogger] Initialized. Logging to: D:/Projects/GameDevelopment/Unity/Vanguard Arena/Assets\..\battle_debug.log
[23:45:41.722] [INFO] HUD root children=1 names: root
[23:45:41.722] [HUD] HUD found btnBasic=True, btnUlt=True, btnPassive=True, actionPanel=True
[23:45:41.722] [HUD] HUD doc VTA = BattleHUD
[23:45:41.722] [INIT] BattleController initialized
[23:45:41.726] [INFO]  Initialized DamagePopup pool with 15 instances.
[23:45:41.726] [INIT] Player lineup count: 6, Enemy lineup count: 6
[23:45:41.726] [SPAWN] Spawning 6 units for PLAYER team
[23:45:41.726] [SPAWN] Aurelius created: IsEnemy=False, Slot=0, Column=0, Row=0, HP=165/165, ATK=10
[23:45:41.727] [SPAWN] GameObject instantiated: PL_Aurelius_0
[23:45:41.727] [INDICATOR] Created default visual for PL_Aurelius_0
[23:45:41.727] [COLOR] Applied BLUE (Player) to Aurelius
[23:45:41.727] [VIEW-REFRESH] Aurelius alive=True, _deathAnimationStarted=False
[23:45:41.727] [SPAWN] View bound successfully for Aurelius
[23:45:41.728] [SPAWN] Elara created: IsEnemy=False, Slot=1, Column=1, Row=0, HP=80/80, ATK=8
[23:45:41.728] [SPAWN] GameObject instantiated: PL_Elara_1
[23:45:41.728] [INDICATOR] Created default visual for PL_Elara_1
[23:45:41.728] [COLOR] Applied BLUE (Player) to Elara
[23:45:41.728] [VIEW-REFRESH] Elara alive=True, _deathAnimationStarted=False
[23:45:41.730] [SPAWN] View bound successfully for Elara
[23:45:41.730] [SPAWN] Malzahar created: IsEnemy=False, Slot=2, Column=2, Row=0, HP=80/80, ATK=16
[23:45:41.730] [SPAWN] GameObject instantiated: PL_Malzahar_2
[23:45:41.730] [INDICATOR] Created default visual for PL_Malzahar_2
[23:45:41.730] [COLOR] Applied BLUE (Player) to Malzahar
[23:45:41.732] [VIEW-REFRESH] Malzahar alive=True, _deathAnimationStarted=False
[23:45:41.732] [SPAWN] View bound successfully for Malzahar
[23:45:41.732] [SPAWN] Aegis created: IsEnemy=False, Slot=3, Column=0, Row=1, HP=150/150, ATK=8
[23:45:41.732] [SPAWN] GameObject instantiated: PL_Aegis_3
[23:45:41.733] [INDICATOR] Created default visual for PL_Aegis_3
[23:45:41.733] [COLOR] Applied BLUE (Player) to Aegis
[23:45:41.733] [VIEW-REFRESH] Aegis alive=True, _deathAnimationStarted=False
[23:45:41.733] [SPAWN] View bound successfully for Aegis
[23:45:41.733] [SPAWN] Gorok created: IsEnemy=False, Slot=4, Column=1, Row=1, HP=135/135, ATK=9
[23:45:41.733] [SPAWN] GameObject instantiated: PL_Gorok_4
[23:45:41.734] [INDICATOR] Created default visual for PL_Gorok_4
[23:45:41.734] [COLOR] Applied BLUE (Player) to Gorok
[23:45:41.734] [VIEW-REFRESH] Gorok alive=True, _deathAnimationStarted=False
[23:45:41.734] [SPAWN] View bound successfully for Gorok
[23:45:41.734] [SPAWN] Artemis created: IsEnemy=False, Slot=5, Column=2, Row=1, HP=70/70, ATK=15
[23:45:41.735] [SPAWN] GameObject instantiated: PL_Artemis_5
[23:45:41.735] [INDICATOR] Created default visual for PL_Artemis_5
[23:45:41.735] [COLOR] Applied BLUE (Player) to Artemis
[23:45:41.735] [VIEW-REFRESH] Artemis alive=True, _deathAnimationStarted=False
[23:45:41.735] [SPAWN] View bound successfully for Artemis
[23:45:41.735] [SPAWN] Team spawn complete. Total units in battle: 6
[23:45:41.735] [SPAWN] Spawning 6 units for ENEMY team
[23:45:41.735] [SPAWN] Lumina created: IsEnemy=True, Slot=0, Column=0, Row=0, HP=95/95, ATK=9
[23:45:41.737] [SPAWN] GameObject instantiated: EN_Lumina_0
[23:45:41.737] [INDICATOR] Created default visual for EN_Lumina_0
[23:45:41.737] [COLOR] Applied RED (Enemy) to Lumina
[23:45:41.737] [VIEW-REFRESH] Lumina alive=True, _deathAnimationStarted=False
[23:45:41.737] [SPAWN] View bound successfully for Lumina
[23:45:41.737] [SPAWN] Merlin created: IsEnemy=True, Slot=1, Column=1, Row=0, HP=85/85, ATK=15
[23:45:41.738] [SPAWN] GameObject instantiated: EN_Merlin_1
[23:45:41.738] [INDICATOR] Created default visual for EN_Merlin_1
[23:45:41.739] [COLOR] Applied RED (Enemy) to Merlin
[23:45:41.739] [VIEW-REFRESH] Merlin alive=True, _deathAnimationStarted=False
[23:45:41.739] [SPAWN] View bound successfully for Merlin
[23:45:41.739] [SPAWN] Mortis created: IsEnemy=True, Slot=2, Column=2, Row=0, HP=85/85, ATK=14
[23:45:41.740] [SPAWN] GameObject instantiated: EN_Mortis_2
[23:45:41.740] [INDICATOR] Created default visual for EN_Mortis_2
[23:45:41.740] [COLOR] Applied RED (Enemy) to Mortis
[23:45:41.741] [VIEW-REFRESH] Mortis alive=True, _deathAnimationStarted=False
[23:45:41.741] [SPAWN] View bound successfully for Mortis
[23:45:41.741] [SPAWN] Kaito created: IsEnemy=True, Slot=3, Column=0, Row=1, HP=90/90, ATK=20
[23:45:41.741] [SPAWN] GameObject instantiated: EN_Kaito_3
[23:45:41.741] [INDICATOR] Created default visual for EN_Kaito_3
[23:45:41.741] [COLOR] Applied RED (Enemy) to Kaito
[23:45:41.741] [VIEW-REFRESH] Kaito alive=True, _deathAnimationStarted=False
[23:45:41.742] [SPAWN] View bound successfully for Kaito
[23:45:41.742] [SPAWN] Kuro created: IsEnemy=True, Slot=4, Column=1, Row=1, HP=75/75, ATK=12
[23:45:41.742] [SPAWN] GameObject instantiated: EN_Kuro_4
[23:45:41.742] [INDICATOR] Created default visual for EN_Kuro_4
[23:45:41.742] [COLOR] Applied RED (Enemy) to Kuro
[23:45:41.742] [VIEW-REFRESH] Kuro alive=True, _deathAnimationStarted=False
[23:45:41.744] [SPAWN] View bound successfully for Kuro
[23:45:41.744] [SPAWN] Draven created: IsEnemy=True, Slot=5, Column=2, Row=1, HP=210/210, ATK=16
[23:45:41.744] [SPAWN] GameObject instantiated: EN_Draven_5
[23:45:41.744] [INDICATOR] Created default visual for EN_Draven_5
[23:45:41.745] [COLOR] Applied RED (Enemy) to Draven
[23:45:41.745] [VIEW-REFRESH] Draven alive=True, _deathAnimationStarted=False
[23:45:41.745] [SPAWN] View bound successfully for Draven
[23:45:41.745] [SPAWN] Team spawn complete. Total units in battle: 12
[23:45:41.745] [INIT] All units spawned. Total units: 12
[23:45:41.745] [INIT] Player units: Aurelius, Elara, Malzahar, Aegis, Gorok, Artemis
[23:45:41.745] [INIT] Enemy units: Lumina, Merlin, Mortis, Kaito, Kuro, Draven
[23:45:41.745] [PASSIVE] 🌟 Aegis triggers 'Protective Shield' (OnBattleStart)
[23:45:41.745] [PASSIVE]    Effect: Shield, Value: 30, Modifier: 0.2, Duration: 99
[23:45:41.745] [PASSIVE]    Targeting 6 allies: Aurelius, Elara, Malzahar, Aegis, Gorok, Artemis
[23:45:41.745] [EFFECT] ✨ Applying Shield to Aurelius: value=30, modifier=0, duration=99
[23:45:41.745] [EFFECT]    🛡️ Shield added: 0 -> 30 (stacked)
[23:45:41.745] [EFFECT] ✨ Applying Shield to Elara: value=30, modifier=0, duration=99
[23:45:41.745] [EFFECT]    🛡️ Shield added: 0 -> 30 (stacked)
[23:45:41.745] [EFFECT] ✨ Applying Shield to Malzahar: value=30, modifier=0, duration=99
[23:45:41.746] [EFFECT]    🛡️ Shield added: 0 -> 30 (stacked)
[23:45:41.746] [EFFECT] ✨ Applying Shield to Aegis: value=30, modifier=0, duration=99
[23:45:41.746] [EFFECT]    🛡️ Shield added: 0 -> 30 (stacked)
[23:45:41.746] [EFFECT] ✨ Applying Shield to Gorok: value=30, modifier=0, duration=99
[23:45:41.746] [EFFECT]    🛡️ Shield added: 0 -> 30 (stacked)
[23:45:41.746] [EFFECT] ✨ Applying Shield to Artemis: value=30, modifier=0, duration=99
[23:45:41.746] [EFFECT]    🛡️ Shield added: 0 -> 30 (stacked)
[23:45:41.746] [PASSIVE] ✅ Passive 'Protective Shield' complete
[23:45:41.746] [PASSIVE] 🌟 Kuro triggers 'Quick Strike' (OnBattleStart)
[23:45:41.747] [PASSIVE]    Effect: ATKUp, Value: 0, Modifier: 0.2, Duration: 1
[23:45:41.747] [PASSIVE]    Targeting self: Kuro
[23:45:41.747] [EFFECT] ✨ Applying ATKUp to Kuro: value=0, modifier=0.2, duration=1
[23:45:41.747] [EFFECT]    📊 ATKUp applied: 20 % for 1 turns
[23:45:41.747] [PASSIVE] ✅ Passive 'Quick Strike' complete
[23:45:41.747] [INFO]  Start() called. Spawning done. Starting coroutine...
[23:45:41.747] [DEBUG] Checking victory conditions (Turn Start) - Player team dead: False, Enemy team dead: False
[23:45:41.747] [TURN] Timeline: Kaito -> Artemis -> Elara -> Kuro -> Lumina -> Malzahar -> Merlin -> Mortis -> Aegis -> Draven -> Aurelius -> Gorok
[23:45:41.747] [PASSIVE] 🌟 Elara triggers 'Combat Boost' (OnTurnStart)
[23:45:41.747] [PASSIVE]    Effect: ATKUp, Value: 0, Modifier: 0.2, Duration: 1
[23:45:41.747] [PASSIVE]    Targeting 6 allies: Aurelius, Elara, Malzahar, Aegis, Gorok, Artemis
[23:45:41.747] [EFFECT] ✨ Applying ATKUp to Aurelius: value=0, modifier=0.2, duration=1
[23:45:41.749] [EFFECT]    📊 ATKUp applied: 20 % for 1 turns
[23:45:41.749] [EFFECT] ✨ Applying ATKUp to Elara: value=0, modifier=0.2, duration=1
[23:45:41.749] [EFFECT]    📊 ATKUp applied: 20 % for 1 turns
[23:45:41.749] [EFFECT] ✨ Applying ATKUp to Malzahar: value=0, modifier=0.2, duration=1
[23:45:41.749] [EFFECT]    📊 ATKUp applied: 20 % for 1 turns
[23:45:41.749] [EFFECT] ✨ Applying ATKUp to Aegis: value=0, modifier=0.2, duration=1
[23:45:41.749] [EFFECT]    📊 ATKUp applied: 20 % for 1 turns
[23:45:41.749] [EFFECT] ✨ Applying ATKUp to Gorok: value=0, modifier=0.2, duration=1
[23:45:41.749] [EFFECT]    📊 ATKUp applied: 20 % for 1 turns
[23:45:41.750] [EFFECT] ✨ Applying ATKUp to Artemis: value=0, modifier=0.2, duration=1
[23:45:41.750] [EFFECT]    📊 ATKUp applied: 20 % for 1 turns
[23:45:41.750] [PASSIVE] ✅ Passive 'Combat Boost' complete
[23:45:41.750] [TURN] Unit: Kaito, IsEnemy: True, HP: 90/90, Energy: 0
[23:45:41.750] [TURN] ATK: 20, DEF: 5, SPD: 17, Type: Melee
[23:45:41.750] [INFO] [TARGET] Kaito (Col 0) selecting target...
[23:45:41.751] [TARGET] → Found front row target: Aurelius (Col 0, Row 0)
[23:45:41.751] [BASIC] ⚔️ Kaito (ATK:20, Type:Melee) -> Aurelius (HP:165/165, DEF:18)
[23:45:41.751] [BASIC] Moving Kaito to target position (Melee)
Animator is not playing an AnimatorController
[FileLogger] Shutdown complete. Log saved to: D:/Projects/GameDevelopment/Unity/Vanguard Arena/Assets\..\battle_debug.log
]]></output>
                </test-case>
                <test-case id="1005" name="AnimationTestHelper_WaitForAnimationState_Works" fullname="VanguardArena.Tests.PlayMode.Integration.AnimationSystemTests.AnimationTestHelper_WaitForAnimationState_Works" methodname="AnimationTestHelper_WaitForAnimationState_Works" classname="VanguardArena.Tests.PlayMode.Integration.AnimationSystemTests" runstate="Runnable" seed="90488251" result="Passed" start-time="2026-01-30 16:45:41Z" end-time="2026-01-30 16:45:42Z" duration="0.595451" asserts="0">
                  <properties>
                    <property name="_JOINTYPE" value="UnityCombinatorial" />
                    <property name="retryIteration" value="0" />
                    <property name="repeatIteration" value="0" />
                  </properties>
                  <reason>
                    <message><![CDATA[Animation helper timeout works correctly]]></message>
                  </reason>
                  <output><![CDATA[[FileLogger] Initialized. Logging to: D:/Projects/GameDevelopment/Unity/Vanguard Arena/Assets\..\battle_debug.log
[23:45:41.892] [INFO] HUD root children=1 names: root
[23:45:41.893] [HUD] HUD found btnBasic=True, btnUlt=True, btnPassive=True, actionPanel=True
[23:45:41.893] [HUD] HUD doc VTA = BattleHUD
[23:45:41.893] [INIT] BattleController initialized
[23:45:41.896] [INFO]  Initialized DamagePopup pool with 15 instances.
[23:45:41.896] [INIT] Player lineup count: 6, Enemy lineup count: 6
[23:45:41.896] [SPAWN] Spawning 6 units for PLAYER team
[23:45:41.896] [SPAWN] Aurelius created: IsEnemy=False, Slot=0, Column=0, Row=0, HP=165/165, ATK=10
[23:45:41.897] [SPAWN] GameObject instantiated: PL_Aurelius_0
[23:45:41.898] [INDICATOR] Created default visual for PL_Aurelius_0
[23:45:41.898] [COLOR] Applied BLUE (Player) to Aurelius
[23:45:41.898] [VIEW-REFRESH] Aurelius alive=True, _deathAnimationStarted=False
[23:45:41.898] [SPAWN] View bound successfully for Aurelius
[23:45:41.898] [SPAWN] Elara created: IsEnemy=False, Slot=1, Column=1, Row=0, HP=80/80, ATK=8
[23:45:41.898] [SPAWN] GameObject instantiated: PL_Elara_1
[23:45:41.899] [INDICATOR] Created default visual for PL_Elara_1
[23:45:41.899] [COLOR] Applied BLUE (Player) to Elara
[23:45:41.900] [VIEW-REFRESH] Elara alive=True, _deathAnimationStarted=False
[23:45:41.900] [SPAWN] View bound successfully for Elara
[23:45:41.900] [SPAWN] Malzahar created: IsEnemy=False, Slot=2, Column=2, Row=0, HP=80/80, ATK=16
[23:45:41.900] [SPAWN] GameObject instantiated: PL_Malzahar_2
[23:45:41.901] [INDICATOR] Created default visual for PL_Malzahar_2
[23:45:41.901] [COLOR] Applied BLUE (Player) to Malzahar
[23:45:41.901] [VIEW-REFRESH] Malzahar alive=True, _deathAnimationStarted=False
[23:45:41.901] [SPAWN] View bound successfully for Malzahar
[23:45:41.901] [SPAWN] Aegis created: IsEnemy=False, Slot=3, Column=0, Row=1, HP=150/150, ATK=8
[23:45:41.902] [SPAWN] GameObject instantiated: PL_Aegis_3
[23:45:41.902] [INDICATOR] Created default visual for PL_Aegis_3
[23:45:41.902] [COLOR] Applied BLUE (Player) to Aegis
[23:45:41.902] [VIEW-REFRESH] Aegis alive=True, _deathAnimationStarted=False
[23:45:41.902] [SPAWN] View bound successfully for Aegis
[23:45:41.902] [SPAWN] Gorok created: IsEnemy=False, Slot=4, Column=1, Row=1, HP=135/135, ATK=9
[23:45:41.902] [SPAWN] GameObject instantiated: PL_Gorok_4
[23:45:41.903] [INDICATOR] Created default visual for PL_Gorok_4
[23:45:41.903] [COLOR] Applied BLUE (Player) to Gorok
[23:45:41.903] [VIEW-REFRESH] Gorok alive=True, _deathAnimationStarted=False
[23:45:41.903] [SPAWN] View bound successfully for Gorok
[23:45:41.903] [SPAWN] Artemis created: IsEnemy=False, Slot=5, Column=2, Row=1, HP=70/70, ATK=15
[23:45:41.904] [SPAWN] GameObject instantiated: PL_Artemis_5
[23:45:41.904] [INDICATOR] Created default visual for PL_Artemis_5
[23:45:41.905] [COLOR] Applied BLUE (Player) to Artemis
[23:45:41.905] [VIEW-REFRESH] Artemis alive=True, _deathAnimationStarted=False
[23:45:41.905] [SPAWN] View bound successfully for Artemis
[23:45:41.905] [SPAWN] Team spawn complete. Total units in battle: 6
[23:45:41.905] [SPAWN] Spawning 6 units for ENEMY team
[23:45:41.905] [SPAWN] Lumina created: IsEnemy=True, Slot=0, Column=0, Row=0, HP=95/95, ATK=9
[23:45:41.906] [SPAWN] GameObject instantiated: EN_Lumina_0
[23:45:41.906] [INDICATOR] Created default visual for EN_Lumina_0
[23:45:41.906] [COLOR] Applied RED (Enemy) to Lumina
[23:45:41.906] [VIEW-REFRESH] Lumina alive=True, _deathAnimationStarted=False
[23:45:41.906] [SPAWN] View bound successfully for Lumina
[23:45:41.906] [SPAWN] Merlin created: IsEnemy=True, Slot=1, Column=1, Row=0, HP=85/85, ATK=15
[23:45:41.907] [SPAWN] GameObject instantiated: EN_Merlin_1
[23:45:41.907] [INDICATOR] Created default visual for EN_Merlin_1
[23:45:41.907] [COLOR] Applied RED (Enemy) to Merlin
[23:45:41.907] [VIEW-REFRESH] Merlin alive=True, _deathAnimationStarted=False
[23:45:41.907] [SPAWN] View bound successfully for Merlin
[23:45:41.907] [SPAWN] Mortis created: IsEnemy=True, Slot=2, Column=2, Row=0, HP=85/85, ATK=14
[23:45:41.908] [SPAWN] GameObject instantiated: EN_Mortis_2
[23:45:41.909] [INDICATOR] Created default visual for EN_Mortis_2
[23:45:41.909] [COLOR] Applied RED (Enemy) to Mortis
[23:45:41.909] [VIEW-REFRESH] Mortis alive=True, _deathAnimationStarted=False
[23:45:41.910] [SPAWN] View bound successfully for Mortis
[23:45:41.910] [SPAWN] Kaito created: IsEnemy=True, Slot=3, Column=0, Row=1, HP=90/90, ATK=20
[23:45:41.910] [SPAWN] GameObject instantiated: EN_Kaito_3
[23:45:41.910] [INDICATOR] Created default visual for EN_Kaito_3
[23:45:41.911] [COLOR] Applied RED (Enemy) to Kaito
[23:45:41.911] [VIEW-REFRESH] Kaito alive=True, _deathAnimationStarted=False
[23:45:41.911] [SPAWN] View bound successfully for Kaito
[23:45:41.911] [SPAWN] Kuro created: IsEnemy=True, Slot=4, Column=1, Row=1, HP=75/75, ATK=12
[23:45:41.911] [SPAWN] GameObject instantiated: EN_Kuro_4
[23:45:41.912] [INDICATOR] Created default visual for EN_Kuro_4
[23:45:41.912] [COLOR] Applied RED (Enemy) to Kuro
[23:45:41.912] [VIEW-REFRESH] Kuro alive=True, _deathAnimationStarted=False
[23:45:41.912] [SPAWN] View bound successfully for Kuro
[23:45:41.912] [SPAWN] Draven created: IsEnemy=True, Slot=5, Column=2, Row=1, HP=210/210, ATK=16
[23:45:41.912] [SPAWN] GameObject instantiated: EN_Draven_5
[23:45:41.912] [INDICATOR] Created default visual for EN_Draven_5
[23:45:41.913] [COLOR] Applied RED (Enemy) to Draven
[23:45:41.913] [VIEW-REFRESH] Draven alive=True, _deathAnimationStarted=False
[23:45:41.913] [SPAWN] View bound successfully for Draven
[23:45:41.913] [SPAWN] Team spawn complete. Total units in battle: 12
[23:45:41.914] [INIT] All units spawned. Total units: 12
[23:45:41.914] [INIT] Player units: Aurelius, Elara, Malzahar, Aegis, Gorok, Artemis
[23:45:41.914] [INIT] Enemy units: Lumina, Merlin, Mortis, Kaito, Kuro, Draven
[23:45:41.914] [PASSIVE] 🌟 Aegis triggers 'Protective Shield' (OnBattleStart)
[23:45:41.914] [PASSIVE]    Effect: Shield, Value: 30, Modifier: 0.2, Duration: 99
[23:45:41.914] [PASSIVE]    Targeting 6 allies: Aurelius, Elara, Malzahar, Aegis, Gorok, Artemis
[23:45:41.914] [EFFECT] ✨ Applying Shield to Aurelius: value=30, modifier=0, duration=99
[23:45:41.914] [EFFECT]    🛡️ Shield added: 0 -> 30 (stacked)
[23:45:41.914] [EFFECT] ✨ Applying Shield to Elara: value=30, modifier=0, duration=99
[23:45:41.914] [EFFECT]    🛡️ Shield added: 0 -> 30 (stacked)
[23:45:41.914] [EFFECT] ✨ Applying Shield to Malzahar: value=30, modifier=0, duration=99
[23:45:41.914] [EFFECT]    🛡️ Shield added: 0 -> 30 (stacked)
[23:45:41.914] [EFFECT] ✨ Applying Shield to Aegis: value=30, modifier=0, duration=99
[23:45:41.914] [EFFECT]    🛡️ Shield added: 0 -> 30 (stacked)
[23:45:41.914] [EFFECT] ✨ Applying Shield to Gorok: value=30, modifier=0, duration=99
[23:45:41.915] [EFFECT]    🛡️ Shield added: 0 -> 30 (stacked)
[23:45:41.915] [EFFECT] ✨ Applying Shield to Artemis: value=30, modifier=0, duration=99
[23:45:41.915] [EFFECT]    🛡️ Shield added: 0 -> 30 (stacked)
[23:45:41.915] [PASSIVE] ✅ Passive 'Protective Shield' complete
[23:45:41.915] [PASSIVE] 🌟 Kuro triggers 'Quick Strike' (OnBattleStart)
[23:45:41.915] [PASSIVE]    Effect: ATKUp, Value: 0, Modifier: 0.2, Duration: 1
[23:45:41.915] [PASSIVE]    Targeting self: Kuro
[23:45:41.915] [EFFECT] ✨ Applying ATKUp to Kuro: value=0, modifier=0.2, duration=1
[23:45:41.915] [EFFECT]    📊 ATKUp applied: 20 % for 1 turns
[23:45:41.915] [PASSIVE] ✅ Passive 'Quick Strike' complete
[23:45:41.915] [INFO]  Start() called. Spawning done. Starting coroutine...
[23:45:41.915] [DEBUG] Checking victory conditions (Turn Start) - Player team dead: False, Enemy team dead: False
[23:45:41.916] [TURN] Timeline: Kaito -> Artemis -> Elara -> Kuro -> Lumina -> Malzahar -> Merlin -> Mortis -> Aegis -> Draven -> Aurelius -> Gorok
[23:45:41.916] [PASSIVE] 🌟 Elara triggers 'Combat Boost' (OnTurnStart)
[23:45:41.916] [PASSIVE]    Effect: ATKUp, Value: 0, Modifier: 0.2, Duration: 1
[23:45:41.916] [PASSIVE]    Targeting 6 allies: Aurelius, Elara, Malzahar, Aegis, Gorok, Artemis
[23:45:41.916] [EFFECT] ✨ Applying ATKUp to Aurelius: value=0, modifier=0.2, duration=1
[23:45:41.916] [EFFECT]    📊 ATKUp applied: 20 % for 1 turns
[23:45:41.916] [EFFECT] ✨ Applying ATKUp to Elara: value=0, modifier=0.2, duration=1
[23:45:41.916] [EFFECT]    📊 ATKUp applied: 20 % for 1 turns
[23:45:41.916] [EFFECT] ✨ Applying ATKUp to Malzahar: value=0, modifier=0.2, duration=1
[23:45:41.916] [EFFECT]    📊 ATKUp applied: 20 % for 1 turns
[23:45:41.916] [EFFECT] ✨ Applying ATKUp to Aegis: value=0, modifier=0.2, duration=1
[23:45:41.916] [EFFECT]    📊 ATKUp applied: 20 % for 1 turns
[23:45:41.916] [EFFECT] ✨ Applying ATKUp to Gorok: value=0, modifier=0.2, duration=1
[23:45:41.916] [EFFECT]    📊 ATKUp applied: 20 % for 1 turns
[23:45:41.916] [EFFECT] ✨ Applying ATKUp to Artemis: value=0, modifier=0.2, duration=1
[23:45:41.916] [EFFECT]    📊 ATKUp applied: 20 % for 1 turns
[23:45:41.917] [PASSIVE] ✅ Passive 'Combat Boost' complete
[23:45:41.917] [TURN] Unit: Kaito, IsEnemy: True, HP: 90/90, Energy: 0
[23:45:41.917] [TURN] ATK: 20, DEF: 5, SPD: 17, Type: Melee
[23:45:41.917] [INFO] [TARGET] Kaito (Col 0) selecting target...
[23:45:41.917] [TARGET] → Found front row target: Aurelius (Col 0, Row 0)
[23:45:41.917] [BASIC] ⚔️ Kaito (ATK:20, Type:Melee) -> Aurelius (HP:165/165, DEF:18)
[23:45:41.917] [BASIC] Moving Kaito to target position (Melee)
Animator is not playing an AnimatorController
Animator is not playing an AnimatorController
Animator is not playing an AnimatorController
Animator is not playing an AnimatorController
Animator is not playing an AnimatorController
Animator is not playing an AnimatorController
Animator is not playing an AnimatorController
Animator is not playing an AnimatorController
Animator is not playing an AnimatorController
Animator is not playing an AnimatorController
Animator is not playing an AnimatorController
Animator is not playing an AnimatorController
Animator is not playing an AnimatorController
Animator is not playing an AnimatorController
Animator is not playing an AnimatorController
Animator is not playing an AnimatorController
Animator is not playing an AnimatorController
Animator is not playing an AnimatorController
Animator is not playing an AnimatorController
Animator is not playing an AnimatorController
Animator is not playing an AnimatorController
Animator is not playing an AnimatorController
Animator is not playing an AnimatorController
Animator is not playing an AnimatorController
Animator is not playing an AnimatorController
Animator is not playing an AnimatorController
Animator is not playing an AnimatorController
Animator is not playing an AnimatorController
Animator is not playing an AnimatorController
Animator is not playing an AnimatorController
Animator is not playing an AnimatorController
Animator is not playing an AnimatorController
Animator is not playing an AnimatorController
Animator is not playing an AnimatorController
Animator is not playing an AnimatorController
Animator is not playing an AnimatorController
[23:45:42.199] [ENERGY] ⚡ Energy gained: 2 -> 3 (+1)
[23:45:42.199] [BASIC] Number of hits: 1 (Range: 1-2)
[23:45:42.199] [BASIC] --- Hit 1/1 ---
Animator is not playing an AnimatorController
Animator is not playing an AnimatorController
Animator is not playing an AnimatorController
Animator is not playing an AnimatorController
Animator is not playing an AnimatorController
Animator is not playing an AnimatorController
Animator is not playing an AnimatorController
Animator is not playing an AnimatorController
Animator is not playing an AnimatorController
Animator is not playing an AnimatorController
Animator is not playing an AnimatorController
Animator is not playing an AnimatorController
Animator is not playing an AnimatorController
Animator is not playing an AnimatorController
Animator is not playing an AnimatorController
Animator is not playing an AnimatorController
Animator is not playing an AnimatorController
Animator is not playing an AnimatorController
Animator is not playing an AnimatorController
Animator is not playing an AnimatorController
Animator is not playing an AnimatorController
Animator is not playing an AnimatorController
Animator is not playing an AnimatorController
Animator is not playing an AnimatorController
Animator is not playing an AnimatorController
Animator is not playing an AnimatorController
Animator is not playing an AnimatorController
Animator is not playing an AnimatorController
Animator is not playing an AnimatorController
Animator is not playing an AnimatorController
Animator is not playing an AnimatorController
Animator is not playing an AnimatorController
Animator is not playing an AnimatorController
Animator is not playing an AnimatorController
Animator is not playing an AnimatorController
Animator is not playing an AnimatorController
Animator is not playing an AnimatorController
Animator is not playing an AnimatorController
Animator is not playing an AnimatorController
Animator is not playing an AnimatorController
Animator is not playing an AnimatorController
Animator is not playing an AnimatorController
Animator is not playing an AnimatorController
[TEST] Animation state 'NonExistentState' not reached within 0.5s
[FileLogger] Shutdown complete. Log saved to: D:/Projects/GameDevelopment/Unity/Vanguard Arena/Assets\..\battle_debug.log
]]></output>
                </test-case>
                <test-case id="1008" name="UnitView_HasAnimator_Configured" fullname="VanguardArena.Tests.PlayMode.Integration.AnimationSystemTests.UnitView_HasAnimator_Configured" methodname="UnitView_HasAnimator_Configured" classname="VanguardArena.Tests.PlayMode.Integration.AnimationSystemTests" runstate="Runnable" seed="1648703306" result="Passed" start-time="2026-01-30 16:45:42Z" end-time="2026-01-30 16:45:42Z" duration="0.116540" asserts="0">
                  <properties>
                    <property name="_JOINTYPE" value="UnityCombinatorial" />
                    <property name="retryIteration" value="0" />
                    <property name="repeatIteration" value="0" />
                  </properties>
                  <output><![CDATA[[FileLogger] Initialized. Logging to: D:/Projects/GameDevelopment/Unity/Vanguard Arena/Assets\..\battle_debug.log
[23:45:42.489] [INFO] HUD root children=1 names: root
[23:45:42.489] [HUD] HUD found btnBasic=True, btnUlt=True, btnPassive=True, actionPanel=True
[23:45:42.490] [HUD] HUD doc VTA = BattleHUD
[23:45:42.490] [INIT] BattleController initialized
[23:45:42.493] [INFO]  Initialized DamagePopup pool with 15 instances.
[23:45:42.493] [INIT] Player lineup count: 6, Enemy lineup count: 6
[23:45:42.493] [SPAWN] Spawning 6 units for PLAYER team
[23:45:42.493] [SPAWN] Aurelius created: IsEnemy=False, Slot=0, Column=0, Row=0, HP=165/165, ATK=10
[23:45:42.494] [SPAWN] GameObject instantiated: PL_Aurelius_0
[23:45:42.494] [INDICATOR] Created default visual for PL_Aurelius_0
[23:45:42.494] [COLOR] Applied BLUE (Player) to Aurelius
[23:45:42.494] [VIEW-REFRESH] Aurelius alive=True, _deathAnimationStarted=False
[23:45:42.494] [SPAWN] View bound successfully for Aurelius
[23:45:42.494] [SPAWN] Elara created: IsEnemy=False, Slot=1, Column=1, Row=0, HP=80/80, ATK=8
[23:45:42.495] [SPAWN] GameObject instantiated: PL_Elara_1
[23:45:42.495] [INDICATOR] Created default visual for PL_Elara_1
[23:45:42.495] [COLOR] Applied BLUE (Player) to Elara
[23:45:42.495] [VIEW-REFRESH] Elara alive=True, _deathAnimationStarted=False
[23:45:42.495] [SPAWN] View bound successfully for Elara
[23:45:42.496] [SPAWN] Malzahar created: IsEnemy=False, Slot=2, Column=2, Row=0, HP=80/80, ATK=16
[23:45:42.496] [SPAWN] GameObject instantiated: PL_Malzahar_2
[23:45:42.496] [INDICATOR] Created default visual for PL_Malzahar_2
[23:45:42.496] [COLOR] Applied BLUE (Player) to Malzahar
[23:45:42.496] [VIEW-REFRESH] Malzahar alive=True, _deathAnimationStarted=False
[23:45:42.496] [SPAWN] View bound successfully for Malzahar
[23:45:42.496] [SPAWN] Aegis created: IsEnemy=False, Slot=3, Column=0, Row=1, HP=150/150, ATK=8
[23:45:42.498] [SPAWN] GameObject instantiated: PL_Aegis_3
[23:45:42.498] [INDICATOR] Created default visual for PL_Aegis_3
[23:45:42.498] [COLOR] Applied BLUE (Player) to Aegis
[23:45:42.498] [VIEW-REFRESH] Aegis alive=True, _deathAnimationStarted=False
[23:45:42.498] [SPAWN] View bound successfully for Aegis
[23:45:42.498] [SPAWN] Gorok created: IsEnemy=False, Slot=4, Column=1, Row=1, HP=135/135, ATK=9
[23:45:42.499] [SPAWN] GameObject instantiated: PL_Gorok_4
[23:45:42.499] [INDICATOR] Created default visual for PL_Gorok_4
[23:45:42.499] [COLOR] Applied BLUE (Player) to Gorok
[23:45:42.499] [VIEW-REFRESH] Gorok alive=True, _deathAnimationStarted=False
[23:45:42.499] [SPAWN] View bound successfully for Gorok
[23:45:42.499] [SPAWN] Artemis created: IsEnemy=False, Slot=5, Column=2, Row=1, HP=70/70, ATK=15
[23:45:42.501] [SPAWN] GameObject instantiated: PL_Artemis_5
[23:45:42.501] [INDICATOR] Created default visual for PL_Artemis_5
[23:45:42.501] [COLOR] Applied BLUE (Player) to Artemis
[23:45:42.501] [VIEW-REFRESH] Artemis alive=True, _deathAnimationStarted=False
[23:45:42.501] [SPAWN] View bound successfully for Artemis
[23:45:42.501] [SPAWN] Team spawn complete. Total units in battle: 6
[23:45:42.501] [SPAWN] Spawning 6 units for ENEMY team
[23:45:42.501] [SPAWN] Lumina created: IsEnemy=True, Slot=0, Column=0, Row=0, HP=95/95, ATK=9
[23:45:42.502] [SPAWN] GameObject instantiated: EN_Lumina_0
[23:45:42.502] [INDICATOR] Created default visual for EN_Lumina_0
[23:45:42.502] [COLOR] Applied RED (Enemy) to Lumina
[23:45:42.502] [VIEW-REFRESH] Lumina alive=True, _deathAnimationStarted=False
[23:45:42.502] [SPAWN] View bound successfully for Lumina
[23:45:42.502] [SPAWN] Merlin created: IsEnemy=True, Slot=1, Column=1, Row=0, HP=85/85, ATK=15
[23:45:42.503] [SPAWN] GameObject instantiated: EN_Merlin_1
[23:45:42.503] [INDICATOR] Created default visual for EN_Merlin_1
[23:45:42.503] [COLOR] Applied RED (Enemy) to Merlin
[23:45:42.503] [VIEW-REFRESH] Merlin alive=True, _deathAnimationStarted=False
[23:45:42.503] [SPAWN] View bound successfully for Merlin
[23:45:42.503] [SPAWN] Mortis created: IsEnemy=True, Slot=2, Column=2, Row=0, HP=85/85, ATK=14
[23:45:42.505] [SPAWN] GameObject instantiated: EN_Mortis_2
[23:45:42.505] [INDICATOR] Created default visual for EN_Mortis_2
[23:45:42.505] [COLOR] Applied RED (Enemy) to Mortis
[23:45:42.505] [VIEW-REFRESH] Mortis alive=True, _deathAnimationStarted=False
[23:45:42.505] [SPAWN] View bound successfully for Mortis
[23:45:42.505] [SPAWN] Kaito created: IsEnemy=True, Slot=3, Column=0, Row=1, HP=90/90, ATK=20
[23:45:42.506] [SPAWN] GameObject instantiated: EN_Kaito_3
[23:45:42.506] [INDICATOR] Created default visual for EN_Kaito_3
[23:45:42.506] [COLOR] Applied RED (Enemy) to Kaito
[23:45:42.506] [VIEW-REFRESH] Kaito alive=True, _deathAnimationStarted=False
[23:45:42.506] [SPAWN] View bound successfully for Kaito
[23:45:42.506] [SPAWN] Kuro created: IsEnemy=True, Slot=4, Column=1, Row=1, HP=75/75, ATK=12
[23:45:42.507] [SPAWN] GameObject instantiated: EN_Kuro_4
[23:45:42.508] [INDICATOR] Created default visual for EN_Kuro_4
[23:45:42.508] [COLOR] Applied RED (Enemy) to Kuro
[23:45:42.508] [VIEW-REFRESH] Kuro alive=True, _deathAnimationStarted=False
[23:45:42.508] [SPAWN] View bound successfully for Kuro
[23:45:42.508] [SPAWN] Draven created: IsEnemy=True, Slot=5, Column=2, Row=1, HP=210/210, ATK=16
[23:45:42.508] [SPAWN] GameObject instantiated: EN_Draven_5
[23:45:42.508] [INDICATOR] Created default visual for EN_Draven_5
[23:45:42.509] [COLOR] Applied RED (Enemy) to Draven
[23:45:42.509] [VIEW-REFRESH] Draven alive=True, _deathAnimationStarted=False
[23:45:42.509] [SPAWN] View bound successfully for Draven
[23:45:42.509] [SPAWN] Team spawn complete. Total units in battle: 12
[23:45:42.509] [INIT] All units spawned. Total units: 12
[23:45:42.509] [INIT] Player units: Aurelius, Elara, Malzahar, Aegis, Gorok, Artemis
[23:45:42.509] [INIT] Enemy units: Lumina, Merlin, Mortis, Kaito, Kuro, Draven
[23:45:42.509] [PASSIVE] 🌟 Aegis triggers 'Protective Shield' (OnBattleStart)
[23:45:42.509] [PASSIVE]    Effect: Shield, Value: 30, Modifier: 0.2, Duration: 99
[23:45:42.509] [PASSIVE]    Targeting 6 allies: Aurelius, Elara, Malzahar, Aegis, Gorok, Artemis
[23:45:42.509] [EFFECT] ✨ Applying Shield to Aurelius: value=30, modifier=0, duration=99
[23:45:42.509] [EFFECT]    🛡️ Shield added: 0 -> 30 (stacked)
[23:45:42.509] [EFFECT] ✨ Applying Shield to Elara: value=30, modifier=0, duration=99
[23:45:42.509] [EFFECT]    🛡️ Shield added: 0 -> 30 (stacked)
[23:45:42.510] [EFFECT] ✨ Applying Shield to Malzahar: value=30, modifier=0, duration=99
[23:45:42.510] [EFFECT]    🛡️ Shield added: 0 -> 30 (stacked)
[23:45:42.510] [EFFECT] ✨ Applying Shield to Aegis: value=30, modifier=0, duration=99
[23:45:42.510] [EFFECT]    🛡️ Shield added: 0 -> 30 (stacked)
[23:45:42.510] [EFFECT] ✨ Applying Shield to Gorok: value=30, modifier=0, duration=99
[23:45:42.510] [EFFECT]    🛡️ Shield added: 0 -> 30 (stacked)
[23:45:42.510] [EFFECT] ✨ Applying Shield to Artemis: value=30, modifier=0, duration=99
[23:45:42.511] [EFFECT]    🛡️ Shield added: 0 -> 30 (stacked)
[23:45:42.511] [PASSIVE] ✅ Passive 'Protective Shield' complete
[23:45:42.511] [PASSIVE] 🌟 Kuro triggers 'Quick Strike' (OnBattleStart)
[23:45:42.511] [PASSIVE]    Effect: ATKUp, Value: 0, Modifier: 0.2, Duration: 1
[23:45:42.511] [PASSIVE]    Targeting self: Kuro
[23:45:42.511] [EFFECT] ✨ Applying ATKUp to Kuro: value=0, modifier=0.2, duration=1
[23:45:42.511] [EFFECT]    📊 ATKUp applied: 20 % for 1 turns
[23:45:42.511] [PASSIVE] ✅ Passive 'Quick Strike' complete
[23:45:42.511] [INFO]  Start() called. Spawning done. Starting coroutine...
[23:45:42.511] [DEBUG] Checking victory conditions (Turn Start) - Player team dead: False, Enemy team dead: False
[23:45:42.511] [TURN] Timeline: Kaito -> Artemis -> Elara -> Kuro -> Lumina -> Malzahar -> Merlin -> Mortis -> Aegis -> Draven -> Aurelius -> Gorok
[23:45:42.511] [PASSIVE] 🌟 Elara triggers 'Combat Boost' (OnTurnStart)
[23:45:42.512] [PASSIVE]    Effect: ATKUp, Value: 0, Modifier: 0.2, Duration: 1
[23:45:42.512] [PASSIVE]    Targeting 6 allies: Aurelius, Elara, Malzahar, Aegis, Gorok, Artemis
[23:45:42.512] [EFFECT] ✨ Applying ATKUp to Aurelius: value=0, modifier=0.2, duration=1
[23:45:42.512] [EFFECT]    📊 ATKUp applied: 20 % for 1 turns
[23:45:42.512] [EFFECT] ✨ Applying ATKUp to Elara: value=0, modifier=0.2, duration=1
[23:45:42.512] [EFFECT]    📊 ATKUp applied: 20 % for 1 turns
[23:45:42.512] [EFFECT] ✨ Applying ATKUp to Malzahar: value=0, modifier=0.2, duration=1
[23:45:42.512] [EFFECT]    📊 ATKUp applied: 20 % for 1 turns
[23:45:42.512] [EFFECT] ✨ Applying ATKUp to Aegis: value=0, modifier=0.2, duration=1
[23:45:42.512] [EFFECT]    📊 ATKUp applied: 20 % for 1 turns
[23:45:42.512] [EFFECT] ✨ Applying ATKUp to Gorok: value=0, modifier=0.2, duration=1
[23:45:42.512] [EFFECT]    📊 ATKUp applied: 20 % for 1 turns
[23:45:42.513] [EFFECT] ✨ Applying ATKUp to Artemis: value=0, modifier=0.2, duration=1
[23:45:42.513] [EFFECT]    📊 ATKUp applied: 20 % for 1 turns
[23:45:42.513] [PASSIVE] ✅ Passive 'Combat Boost' complete
[23:45:42.513] [TURN] Unit: Kaito, IsEnemy: True, HP: 90/90, Energy: 0
[23:45:42.513] [TURN] ATK: 20, DEF: 5, SPD: 17, Type: Melee
[23:45:42.513] [INFO] [TARGET] Kaito (Col 0) selecting target...
[23:45:42.513] [TARGET] → Found front row target: Aurelius (Col 0, Row 0)
[23:45:42.513] [BASIC] ⚔️ Kaito (ATK:20, Type:Melee) -> Aurelius (HP:165/165, DEF:18)
[23:45:42.513] [BASIC] Moving Kaito to target position (Melee)
[TEST] Starting battle with 1 players, 0 enemies, seed=999
[23:45:42.554] [TEST-INIT] Initializing test battle with 1 players, 0 enemies, seed=999
[23:45:42.554] [ENERGY] ⚡ Energy reset to 2
[23:45:42.554] [ENERGY] ⚡ Energy reset to 2
[23:45:42.554] [SPAWN] Spawning 1 units for PLAYER team
[23:45:42.554] [SPAWN] ⚠️ Slot 0 has null definition or prefab. Skipping.
[23:45:42.554] [SPAWN] Team spawn complete. Total units in battle: 12
[23:45:42.554] [SPAWN] Spawning 0 units for ENEMY team
[23:45:42.556] [SPAWN] Team spawn complete. Total units in battle: 12
[23:45:42.556] [TEST-INIT] Units spawned: 12 total
[23:45:42.556] [TEST-INIT] Test battle initialized. Call StartTestBattle() to begin.
[23:45:42.556] [TEST] Starting test battle coroutine
[23:45:42.556] [DEBUG] Checking victory conditions (Turn Start) - Player team dead: False, Enemy team dead: False
[23:45:42.556] [TURN] Timeline: Kaito -> Artemis -> Elara -> Kuro -> Lumina -> Malzahar -> Merlin -> Mortis -> Aegis -> Draven -> Aurelius -> Gorok
[23:45:42.556] [PASSIVE] 🌟 Elara triggers 'Combat Boost' (OnTurnStart)
[23:45:42.556] [PASSIVE]    Effect: ATKUp, Value: 0, Modifier: 0.2, Duration: 1
[23:45:42.557] [PASSIVE]    Targeting 6 allies: Aurelius, Elara, Malzahar, Aegis, Gorok, Artemis
[23:45:42.557] [EFFECT] ✨ Applying ATKUp to Aurelius: value=0, modifier=0.2, duration=1
[23:45:42.557] [EFFECT]    📊 ATKUp stacked: 20 % for 1 turns (total: 2 stacks)
[23:45:42.557] [EFFECT] ✨ Applying ATKUp to Elara: value=0, modifier=0.2, duration=1
[23:45:42.557] [EFFECT]    📊 ATKUp stacked: 20 % for 1 turns (total: 2 stacks)
[23:45:42.557] [EFFECT] ✨ Applying ATKUp to Malzahar: value=0, modifier=0.2, duration=1
[23:45:42.557] [EFFECT]    📊 ATKUp stacked: 20 % for 1 turns (total: 2 stacks)
[23:45:42.558] [EFFECT] ✨ Applying ATKUp to Aegis: value=0, modifier=0.2, duration=1
[23:45:42.558] [EFFECT]    📊 ATKUp stacked: 20 % for 1 turns (total: 2 stacks)
[23:45:42.558] [EFFECT] ✨ Applying ATKUp to Gorok: value=0, modifier=0.2, duration=1
[23:45:42.558] [EFFECT]    📊 ATKUp stacked: 20 % for 1 turns (total: 2 stacks)
[23:45:42.558] [EFFECT] ✨ Applying ATKUp to Artemis: value=0, modifier=0.2, duration=1
[23:45:42.558] [EFFECT]    📊 ATKUp stacked: 20 % for 1 turns (total: 2 stacks)
[23:45:42.558] [PASSIVE] ✅ Passive 'Combat Boost' complete
[23:45:42.558] [TURN] Unit: Kaito, IsEnemy: True, HP: 90/90, Energy: 1
[23:45:42.558] [TURN] ATK: 20, DEF: 5, SPD: 17, Type: Melee
[23:45:42.559] [INFO]  Enemy Kaito energy consumed: 2. Before: 2
[23:45:42.559] [INFO] [TARGET] Kaito (Col 0) selecting target...
[23:45:42.560] [TARGET] → Found front row target: Aurelius (Col 0, Row 0)
[23:45:42.560] [ULTIMATE] Kaito proceeding with 1 target(s). Routing to Single handler.
[23:45:42.561] [ULTIMATE-SINGLE] 💥 Kaito -> Aurelius (ATTACK)
[23:45:42.561] [ULTIMATE-SINGLE] Actor: ATK=20, Type=Melee
[23:45:42.561] [ULTIMATE-SINGLE] Target: HP=165/165, DEF=18
[23:45:42.561] [ULTIMATE-SINGLE] Actor transform found: EN_Kaito_3
[23:45:42.562] [ULTIMATE-SINGLE] Moving melee unit to target
[TEST] Battle started. IsBattleOver=False
[TEST] Unit has Animator with controller: True
[TEST] Unit has UnitAnimationDriver
[FileLogger] Shutdown complete. Log saved to: D:/Projects/GameDevelopment/Unity/Vanguard Arena/Assets\..\battle_debug.log
]]></output>
                </test-case>
              </test-suite>
              <test-suite type="TestFixture" id="1009" name="BattleControllerBasicTests" fullname="VanguardArena.Tests.PlayMode.Integration.BattleControllerBasicTests" classname="VanguardArena.Tests.PlayMode.Integration.BattleControllerBasicTests" runstate="Runnable" testcasecount="6" result="Failed" site="Child" start-time="2026-01-30 16:45:42Z" end-time="2026-01-30 16:46:23Z" duration="40.608634" total="6" passed="4" failed="2" inconclusive="0" skipped="0" asserts="0">
                <properties />
                <failure>
                  <message><![CDATA[One or more child tests had errors]]></message>
                </failure>
                <test-case id="1015" name="BattleController_AllEnemiesDead_VictoryTriggered" fullname="VanguardArena.Tests.PlayMode.Integration.BattleControllerBasicTests.BattleController_AllEnemiesDead_VictoryTriggered" methodname="BattleController_AllEnemiesDead_VictoryTriggered" classname="VanguardArena.Tests.PlayMode.Integration.BattleControllerBasicTests" runstate="Runnable" seed="38285400" result="Failed" start-time="2026-01-30 16:45:42Z" end-time="2026-01-30 16:46:12Z" duration="30.100279" asserts="0">
                  <properties>
                    <property name="_JOINTYPE" value="UnityCombinatorial" />
                    <property name="retryIteration" value="0" />
                    <property name="repeatIteration" value="0" />
                  </properties>
                  <failure>
                    <message><![CDATA[  Battle should be over
  Expected: True
  But was:  False
]]></message>
                    <stack-trace><![CDATA[at VanguardArena.Tests.PlayMode.Integration.BattleControllerBasicTests+<BattleController_AllEnemiesDead_VictoryTriggered>d__8.MoveNext () [0x000dd] in D:\Projects\GameDevelopment\Unity\Vanguard Arena\Assets\_Project\Tests\PlayMode\Integration\BattleControllerBasicTests.cs:139
at UnityEngine.TestTools.TestEnumerator+<Execute>d__7.MoveNext () [0x0003a] in .\Library\PackageCache\com.unity.test-framework@0b7a23ab2e1d\UnityEngine.TestRunner\NUnitExtensions\Attributes\TestEnumerator.cs:44
]]></stack-trace>
                  </failure>
                  <output><![CDATA[[FileLogger] Initialized. Logging to: D:/Projects/GameDevelopment/Unity/Vanguard Arena/Assets\..\battle_debug.log
[23:45:42.612] [INFO] HUD root children=1 names: root
[23:45:42.613] [HUD] HUD found btnBasic=True, btnUlt=True, btnPassive=True, actionPanel=True
[23:45:42.613] [HUD] HUD doc VTA = BattleHUD
[23:45:42.613] [INIT] BattleController initialized
[23:45:42.616] [INFO]  Initialized DamagePopup pool with 15 instances.
[23:45:42.616] [INIT] Player lineup count: 6, Enemy lineup count: 6
[23:45:42.616] [SPAWN] Spawning 6 units for PLAYER team
[23:45:42.616] [SPAWN] Aurelius created: IsEnemy=False, Slot=0, Column=0, Row=0, HP=165/165, ATK=10
[23:45:42.617] [SPAWN] GameObject instantiated: PL_Aurelius_0
[23:45:42.617] [INDICATOR] Created default visual for PL_Aurelius_0
[23:45:42.618] [COLOR] Applied BLUE (Player) to Aurelius
[23:45:42.618] [VIEW-REFRESH] Aurelius alive=True, _deathAnimationStarted=False
[23:45:42.618] [SPAWN] View bound successfully for Aurelius
[23:45:42.618] [SPAWN] Elara created: IsEnemy=False, Slot=1, Column=1, Row=0, HP=80/80, ATK=8
[23:45:42.619] [SPAWN] GameObject instantiated: PL_Elara_1
[23:45:42.619] [INDICATOR] Created default visual for PL_Elara_1
[23:45:42.619] [COLOR] Applied BLUE (Player) to Elara
[23:45:42.619] [VIEW-REFRESH] Elara alive=True, _deathAnimationStarted=False
[23:45:42.619] [SPAWN] View bound successfully for Elara
[23:45:42.619] [SPAWN] Malzahar created: IsEnemy=False, Slot=2, Column=2, Row=0, HP=80/80, ATK=16
[23:45:42.620] [SPAWN] GameObject instantiated: PL_Malzahar_2
[23:45:42.620] [INDICATOR] Created default visual for PL_Malzahar_2
[23:45:42.620] [COLOR] Applied BLUE (Player) to Malzahar
[23:45:42.621] [VIEW-REFRESH] Malzahar alive=True, _deathAnimationStarted=False
[23:45:42.621] [SPAWN] View bound successfully for Malzahar
[23:45:42.621] [SPAWN] Aegis created: IsEnemy=False, Slot=3, Column=0, Row=1, HP=150/150, ATK=8
[23:45:42.621] [SPAWN] GameObject instantiated: PL_Aegis_3
[23:45:42.621] [INDICATOR] Created default visual for PL_Aegis_3
[23:45:42.621] [COLOR] Applied BLUE (Player) to Aegis
[23:45:42.621] [VIEW-REFRESH] Aegis alive=True, _deathAnimationStarted=False
[23:45:42.623] [SPAWN] View bound successfully for Aegis
[23:45:42.623] [SPAWN] Gorok created: IsEnemy=False, Slot=4, Column=1, Row=1, HP=135/135, ATK=9
[23:45:42.623] [SPAWN] GameObject instantiated: PL_Gorok_4
[23:45:42.623] [INDICATOR] Created default visual for PL_Gorok_4
[23:45:42.624] [COLOR] Applied BLUE (Player) to Gorok
[23:45:42.624] [VIEW-REFRESH] Gorok alive=True, _deathAnimationStarted=False
[23:45:42.624] [SPAWN] View bound successfully for Gorok
[23:45:42.624] [SPAWN] Artemis created: IsEnemy=False, Slot=5, Column=2, Row=1, HP=70/70, ATK=15
[23:45:42.624] [SPAWN] GameObject instantiated: PL_Artemis_5
[23:45:42.624] [INDICATOR] Created default visual for PL_Artemis_5
[23:45:42.624] [COLOR] Applied BLUE (Player) to Artemis
[23:45:42.625] [VIEW-REFRESH] Artemis alive=True, _deathAnimationStarted=False
[23:45:42.625] [SPAWN] View bound successfully for Artemis
[23:45:42.625] [SPAWN] Team spawn complete. Total units in battle: 6
[23:45:42.625] [SPAWN] Spawning 6 units for ENEMY team
[23:45:42.625] [SPAWN] Lumina created: IsEnemy=True, Slot=0, Column=0, Row=0, HP=95/95, ATK=9
[23:45:42.625] [SPAWN] GameObject instantiated: EN_Lumina_0
[23:45:42.625] [INDICATOR] Created default visual for EN_Lumina_0
[23:45:42.625] [COLOR] Applied RED (Enemy) to Lumina
[23:45:42.625] [VIEW-REFRESH] Lumina alive=True, _deathAnimationStarted=False
[23:45:42.627] [SPAWN] View bound successfully for Lumina
[23:45:42.627] [SPAWN] Merlin created: IsEnemy=True, Slot=1, Column=1, Row=0, HP=85/85, ATK=15
[23:45:42.627] [SPAWN] GameObject instantiated: EN_Merlin_1
[23:45:42.627] [INDICATOR] Created default visual for EN_Merlin_1
[23:45:42.627] [COLOR] Applied RED (Enemy) to Merlin
[23:45:42.627] [VIEW-REFRESH] Merlin alive=True, _deathAnimationStarted=False
[23:45:42.628] [SPAWN] View bound successfully for Merlin
[23:45:42.628] [SPAWN] Mortis created: IsEnemy=True, Slot=2, Column=2, Row=0, HP=85/85, ATK=14
[23:45:42.628] [SPAWN] GameObject instantiated: EN_Mortis_2
[23:45:42.628] [INDICATOR] Created default visual for EN_Mortis_2
[23:45:42.628] [COLOR] Applied RED (Enemy) to Mortis
[23:45:42.628] [VIEW-REFRESH] Mortis alive=True, _deathAnimationStarted=False
[23:45:42.628] [SPAWN] View bound successfully for Mortis
[23:45:42.628] [SPAWN] Kaito created: IsEnemy=True, Slot=3, Column=0, Row=1, HP=90/90, ATK=20
[23:45:42.630] [SPAWN] GameObject instantiated: EN_Kaito_3
[23:45:42.630] [INDICATOR] Created default visual for EN_Kaito_3
[23:45:42.630] [COLOR] Applied RED (Enemy) to Kaito
[23:45:42.630] [VIEW-REFRESH] Kaito alive=True, _deathAnimationStarted=False
[23:45:42.630] [SPAWN] View bound successfully for Kaito
[23:45:42.630] [SPAWN] Kuro created: IsEnemy=True, Slot=4, Column=1, Row=1, HP=75/75, ATK=12
[23:45:42.631] [SPAWN] GameObject instantiated: EN_Kuro_4
[23:45:42.631] [INDICATOR] Created default visual for EN_Kuro_4
[23:45:42.631] [COLOR] Applied RED (Enemy) to Kuro
[23:45:42.631] [VIEW-REFRESH] Kuro alive=True, _deathAnimationStarted=False
[23:45:42.631] [SPAWN] View bound successfully for Kuro
[23:45:42.631] [SPAWN] Draven created: IsEnemy=True, Slot=5, Column=2, Row=1, HP=210/210, ATK=16
[23:45:42.633] [SPAWN] GameObject instantiated: EN_Draven_5
[23:45:42.633] [INDICATOR] Created default visual for EN_Draven_5
[23:45:42.633] [COLOR] Applied RED (Enemy) to Draven
[23:45:42.633] [VIEW-REFRESH] Draven alive=True, _deathAnimationStarted=False
[23:45:42.633] [SPAWN] View bound successfully for Draven
[23:45:42.633] [SPAWN] Team spawn complete. Total units in battle: 12
[23:45:42.633] [INIT] All units spawned. Total units: 12
[23:45:42.633] [INIT] Player units: Aurelius, Elara, Malzahar, Aegis, Gorok, Artemis
[23:45:42.634] [INIT] Enemy units: Lumina, Merlin, Mortis, Kaito, Kuro, Draven
[23:45:42.634] [PASSIVE] 🌟 Aegis triggers 'Protective Shield' (OnBattleStart)
[23:45:42.634] [PASSIVE]    Effect: Shield, Value: 30, Modifier: 0.2, Duration: 99
[23:45:42.634] [PASSIVE]    Targeting 6 allies: Aurelius, Elara, Malzahar, Aegis, Gorok, Artemis
[23:45:42.634] [EFFECT] ✨ Applying Shield to Aurelius: value=30, modifier=0, duration=99
[23:45:42.634] [EFFECT]    🛡️ Shield added: 0 -> 30 (stacked)
[23:45:42.634] [EFFECT] ✨ Applying Shield to Elara: value=30, modifier=0, duration=99
[23:45:42.634] [EFFECT]    🛡️ Shield added: 0 -> 30 (stacked)
[23:45:42.634] [EFFECT] ✨ Applying Shield to Malzahar: value=30, modifier=0, duration=99
[23:45:42.634] [EFFECT]    🛡️ Shield added: 0 -> 30 (stacked)
[23:45:42.634] [EFFECT] ✨ Applying Shield to Aegis: value=30, modifier=0, duration=99
[23:45:42.634] [EFFECT]    🛡️ Shield added: 0 -> 30 (stacked)
[23:45:42.634] [EFFECT] ✨ Applying Shield to Gorok: value=30, modifier=0, duration=99
[23:45:42.634] [EFFECT]    🛡️ Shield added: 0 -> 30 (stacked)
[23:45:42.635] [EFFECT] ✨ Applying Shield to Artemis: value=30, modifier=0, duration=99
[23:45:42.635] [EFFECT]    🛡️ Shield added: 0 -> 30 (stacked)
[23:45:42.635] [PASSIVE] ✅ Passive 'Protective Shield' complete
[23:45:42.635] [PASSIVE] 🌟 Kuro triggers 'Quick Strike' (OnBattleStart)
[23:45:42.635] [PASSIVE]    Effect: ATKUp, Value: 0, Modifier: 0.2, Duration: 1
[23:45:42.635] [PASSIVE]    Targeting self: Kuro
[23:45:42.635] [EFFECT] ✨ Applying ATKUp to Kuro: value=0, modifier=0.2, duration=1
[23:45:42.635] [EFFECT]    📊 ATKUp applied: 20 % for 1 turns
[23:45:42.635] [PASSIVE] ✅ Passive 'Quick Strike' complete
[23:45:42.635] [INFO]  Start() called. Spawning done. Starting coroutine...
[23:45:42.635] [DEBUG] Checking victory conditions (Turn Start) - Player team dead: False, Enemy team dead: False
[23:45:42.635] [TURN] Timeline: Kaito -> Artemis -> Elara -> Kuro -> Lumina -> Malzahar -> Merlin -> Mortis -> Aegis -> Draven -> Aurelius -> Gorok
[23:45:42.635] [PASSIVE] 🌟 Elara triggers 'Combat Boost' (OnTurnStart)
[23:45:42.635] [PASSIVE]    Effect: ATKUp, Value: 0, Modifier: 0.2, Duration: 1
[23:45:42.635] [PASSIVE]    Targeting 6 allies: Aurelius, Elara, Malzahar, Aegis, Gorok, Artemis
[23:45:42.635] [EFFECT] ✨ Applying ATKUp to Aurelius: value=0, modifier=0.2, duration=1
[23:45:42.635] [EFFECT]    📊 ATKUp applied: 20 % for 1 turns
[23:45:42.636] [EFFECT] ✨ Applying ATKUp to Elara: value=0, modifier=0.2, duration=1
[23:45:42.636] [EFFECT]    📊 ATKUp applied: 20 % for 1 turns
[23:45:42.636] [EFFECT] ✨ Applying ATKUp to Malzahar: value=0, modifier=0.2, duration=1
[23:45:42.636] [EFFECT]    📊 ATKUp applied: 20 % for 1 turns
[23:45:42.636] [EFFECT] ✨ Applying ATKUp to Aegis: value=0, modifier=0.2, duration=1
[23:45:42.636] [EFFECT]    📊 ATKUp applied: 20 % for 1 turns
[23:45:42.636] [EFFECT] ✨ Applying ATKUp to Gorok: value=0, modifier=0.2, duration=1
[23:45:42.636] [EFFECT]    📊 ATKUp applied: 20 % for 1 turns
[23:45:42.636] [EFFECT] ✨ Applying ATKUp to Artemis: value=0, modifier=0.2, duration=1
[23:45:42.636] [EFFECT]    📊 ATKUp applied: 20 % for 1 turns
[23:45:42.636] [PASSIVE] ✅ Passive 'Combat Boost' complete
[23:45:42.636] [TURN] Unit: Kaito, IsEnemy: True, HP: 90/90, Energy: 0
[23:45:42.636] [TURN] ATK: 20, DEF: 5, SPD: 17, Type: Melee
[23:45:42.636] [INFO] [TARGET] Kaito (Col 0) selecting target...
[23:45:42.636] [TARGET] → Found front row target: Aurelius (Col 0, Row 0)
[23:45:42.638] [BASIC] ⚔️ Kaito (ATK:20, Type:Melee) -> Aurelius (HP:165/165, DEF:18)
[23:45:42.638] [BASIC] Moving Kaito to target position (Melee)
[TEST] Starting battle with 1 players, 1 enemies, seed=999
[23:45:42.673] [TEST-INIT] Initializing test battle with 1 players, 1 enemies, seed=999
[23:45:42.673] [ENERGY] ⚡ Energy reset to 2
[23:45:42.673] [ENERGY] ⚡ Energy reset to 2
[23:45:42.673] [SPAWN] Spawning 1 units for PLAYER team
[23:45:42.674] [SPAWN] ⚠️ Slot 0 has null definition or prefab. Skipping.
[23:45:42.674] [SPAWN] Team spawn complete. Total units in battle: 12
[23:45:42.674] [SPAWN] Spawning 1 units for ENEMY team
[23:45:42.674] [SPAWN] ⚠️ Slot 0 has null definition or prefab. Skipping.
[23:45:42.674] [SPAWN] Team spawn complete. Total units in battle: 12
[23:45:42.674] [TEST-INIT] Units spawned: 12 total
[23:45:42.674] [TEST-INIT] Test battle initialized. Call StartTestBattle() to begin.
[23:45:42.674] [TEST] Starting test battle coroutine
[23:45:42.674] [DEBUG] Checking victory conditions (Turn Start) - Player team dead: False, Enemy team dead: False
[23:45:42.674] [TURN] Timeline: Kaito -> Artemis -> Elara -> Kuro -> Lumina -> Malzahar -> Merlin -> Mortis -> Aegis -> Draven -> Aurelius -> Gorok
[23:45:42.674] [PASSIVE] 🌟 Elara triggers 'Combat Boost' (OnTurnStart)
[23:45:42.674] [PASSIVE]    Effect: ATKUp, Value: 0, Modifier: 0.2, Duration: 1
[23:45:42.674] [PASSIVE]    Targeting 6 allies: Aurelius, Elara, Malzahar, Aegis, Gorok, Artemis
[23:45:42.674] [EFFECT] ✨ Applying ATKUp to Aurelius: value=0, modifier=0.2, duration=1
[23:45:42.674] [EFFECT]    📊 ATKUp stacked: 20 % for 1 turns (total: 2 stacks)
[23:45:42.676] [EFFECT] ✨ Applying ATKUp to Elara: value=0, modifier=0.2, duration=1
[23:45:42.676] [EFFECT]    📊 ATKUp stacked: 20 % for 1 turns (total: 2 stacks)
[23:45:42.676] [EFFECT] ✨ Applying ATKUp to Malzahar: value=0, modifier=0.2, duration=1
[23:45:42.676] [EFFECT]    📊 ATKUp stacked: 20 % for 1 turns (total: 2 stacks)
[23:45:42.676] [EFFECT] ✨ Applying ATKUp to Aegis: value=0, modifier=0.2, duration=1
[23:45:42.676] [EFFECT]    📊 ATKUp stacked: 20 % for 1 turns (total: 2 stacks)
[23:45:42.676] [EFFECT] ✨ Applying ATKUp to Gorok: value=0, modifier=0.2, duration=1
[23:45:42.676] [EFFECT]    📊 ATKUp stacked: 20 % for 1 turns (total: 2 stacks)
[23:45:42.676] [EFFECT] ✨ Applying ATKUp to Artemis: value=0, modifier=0.2, duration=1
[23:45:42.676] [EFFECT]    📊 ATKUp stacked: 20 % for 1 turns (total: 2 stacks)
[23:45:42.676] [PASSIVE] ✅ Passive 'Combat Boost' complete
[23:45:42.676] [TURN] Unit: Kaito, IsEnemy: True, HP: 90/90, Energy: 1
[23:45:42.676] [TURN] ATK: 20, DEF: 5, SPD: 17, Type: Melee
[23:45:42.676] [INFO]  Enemy Kaito energy consumed: 2. Before: 2
[23:45:42.677] [INFO] [TARGET] Kaito (Col 0) selecting target...
[23:45:42.677] [TARGET] → Found front row target: Aurelius (Col 0, Row 0)
[23:45:42.677] [ULTIMATE] Kaito proceeding with 1 target(s). Routing to Single handler.
[23:45:42.677] [ULTIMATE-SINGLE] 💥 Kaito -> Aurelius (ATTACK)
[23:45:42.677] [ULTIMATE-SINGLE] Actor: ATK=20, Type=Melee
[23:45:42.677] [ULTIMATE-SINGLE] Target: HP=165/165, DEF=18
[23:45:42.677] [ULTIMATE-SINGLE] Actor transform found: EN_Kaito_3
[23:45:42.678] [ULTIMATE-SINGLE] Moving melee unit to target
[TEST] Battle started. IsBattleOver=False
[TEST] Waiting for battle to end (timeout=30s)...
[23:45:43.962] [ULTIMATE-SINGLE] Ultimate cooldown started: 2 turns
[23:45:43.962] [ULTIMATE-SINGLE] Entering ATTACK/DAMAGE branch
[23:45:43.963] [ULTIMATE-SINGLE] Calculated damage: 42 (Crit: False)
[23:45:43.963] [SHIELD] 🛡️ Aurelius has 1 active shield(s). Incoming damage: 42
[23:45:43.963] [SHIELD]    Shield BROKEN: 30 -> 0 (blocked 30 dmg, 12 penetrates)
[23:45:43.963] [SHIELD]    Removed 1 broken shield(s) from Aurelius
[23:45:43.963] [SHIELD] 🛡️ Shield result: 42 dmg -> 12 dmg (absorbed 30)
[23:45:43.963] [ULTIMATE-SINGLE] After shield: 12 damage penetrates
[23:45:43.963] [ULTIMATE-SINGLE] HP change: 165 -> 153 (Damage dealt: 12)
[23:45:43.963] [ULTIMATE-SINGLE] Damage dealt: playing hit animation
[23:45:44.566] [ULTIMATE-SINGLE] Moving back to original position
[23:45:44.936] [VIEW-REFRESH] Aurelius alive=True, _deathAnimationStarted=False
[23:45:44.936] [ULTIMATE-SINGLE] Ultimate single complete
[23:45:44.937] [DEBUG] Checking victory conditions - Player team dead: False, Enemy team dead: False
[23:45:45.188] [TURN] Unit: Artemis, IsEnemy: False, HP: 70/70, Energy: 2
[23:45:45.188] [TURN] ATK: 15, DEF: 4, SPD: 14, Type: Ranged
[23:45:45.188] [EFFECT-TICK]    Shield duration: 99 -> 98
[23:45:45.190] [EFFECT-EXPIRE] ❌ Artemis lost 2 effect(s): ATKUp, ATKUp
[23:45:45.191] [INDICATOR] Showing YELLOW ring for PL_Artemis_5
[TEST] Battle did not end within 30s timeout! Current turn: 1
[FileLogger] Shutdown complete. Log saved to: D:/Projects/GameDevelopment/Unity/Vanguard Arena/Assets\..\battle_debug.log
]]></output>
                </test-case>
                <test-case id="1012" name="BattleController_EnergyProperties_AreAccessible" fullname="VanguardArena.Tests.PlayMode.Integration.BattleControllerBasicTests.BattleController_EnergyProperties_AreAccessible" methodname="BattleController_EnergyProperties_AreAccessible" classname="VanguardArena.Tests.PlayMode.Integration.BattleControllerBasicTests" runstate="Runnable" seed="721829037" result="Passed" start-time="2026-01-30 16:46:12Z" end-time="2026-01-30 16:46:12Z" duration="0.095897" asserts="0">
                  <properties>
                    <property name="_JOINTYPE" value="UnityCombinatorial" />
                    <property name="retryIteration" value="0" />
                    <property name="repeatIteration" value="0" />
                  </properties>
                  <output><![CDATA[[FileLogger] Initialized. Logging to: D:/Projects/GameDevelopment/Unity/Vanguard Arena/Assets\..\battle_debug.log
[23:46:12.715] [INFO] HUD root children=1 names: root
[23:46:12.715] [HUD] HUD found btnBasic=True, btnUlt=True, btnPassive=True, actionPanel=True
[23:46:12.715] [HUD] HUD doc VTA = BattleHUD
[23:46:12.716] [INIT] BattleController initialized
[23:46:12.719] [INFO]  Initialized DamagePopup pool with 15 instances.
[23:46:12.719] [INIT] Player lineup count: 6, Enemy lineup count: 6
[23:46:12.719] [SPAWN] Spawning 6 units for PLAYER team
[23:46:12.719] [SPAWN] Aurelius created: IsEnemy=False, Slot=0, Column=0, Row=0, HP=165/165, ATK=10
[23:46:12.720] [SPAWN] GameObject instantiated: PL_Aurelius_0
[23:46:12.720] [INDICATOR] Created default visual for PL_Aurelius_0
[23:46:12.720] [COLOR] Applied BLUE (Player) to Aurelius
[23:46:12.720] [VIEW-REFRESH] Aurelius alive=True, _deathAnimationStarted=False
[23:46:12.720] [SPAWN] View bound successfully for Aurelius
[23:46:12.720] [SPAWN] Elara created: IsEnemy=False, Slot=1, Column=1, Row=0, HP=80/80, ATK=8
[23:46:12.721] [SPAWN] GameObject instantiated: PL_Elara_1
[23:46:12.721] [INDICATOR] Created default visual for PL_Elara_1
[23:46:12.722] [COLOR] Applied BLUE (Player) to Elara
[23:46:12.722] [VIEW-REFRESH] Elara alive=True, _deathAnimationStarted=False
[23:46:12.722] [SPAWN] View bound successfully for Elara
[23:46:12.722] [SPAWN] Malzahar created: IsEnemy=False, Slot=2, Column=2, Row=0, HP=80/80, ATK=16
[23:46:12.722] [SPAWN] GameObject instantiated: PL_Malzahar_2
[23:46:12.723] [INDICATOR] Created default visual for PL_Malzahar_2
[23:46:12.723] [COLOR] Applied BLUE (Player) to Malzahar
[23:46:12.723] [VIEW-REFRESH] Malzahar alive=True, _deathAnimationStarted=False
[23:46:12.723] [SPAWN] View bound successfully for Malzahar
[23:46:12.723] [SPAWN] Aegis created: IsEnemy=False, Slot=3, Column=0, Row=1, HP=150/150, ATK=8
[23:46:12.723] [SPAWN] GameObject instantiated: PL_Aegis_3
[23:46:12.723] [INDICATOR] Created default visual for PL_Aegis_3
[23:46:12.725] [COLOR] Applied BLUE (Player) to Aegis
[23:46:12.725] [VIEW-REFRESH] Aegis alive=True, _deathAnimationStarted=False
[23:46:12.725] [SPAWN] View bound successfully for Aegis
[23:46:12.725] [SPAWN] Gorok created: IsEnemy=False, Slot=4, Column=1, Row=1, HP=135/135, ATK=9
[23:46:12.725] [SPAWN] GameObject instantiated: PL_Gorok_4
[23:46:12.725] [INDICATOR] Created default visual for PL_Gorok_4
[23:46:12.726] [COLOR] Applied BLUE (Player) to Gorok
[23:46:12.726] [VIEW-REFRESH] Gorok alive=True, _deathAnimationStarted=False
[23:46:12.726] [SPAWN] View bound successfully for Gorok
[23:46:12.726] [SPAWN] Artemis created: IsEnemy=False, Slot=5, Column=2, Row=1, HP=70/70, ATK=15
[23:46:12.726] [SPAWN] GameObject instantiated: PL_Artemis_5
[23:46:12.727] [INDICATOR] Created default visual for PL_Artemis_5
[23:46:12.727] [COLOR] Applied BLUE (Player) to Artemis
[23:46:12.727] [VIEW-REFRESH] Artemis alive=True, _deathAnimationStarted=False
[23:46:12.727] [SPAWN] View bound successfully for Artemis
[23:46:12.727] [SPAWN] Team spawn complete. Total units in battle: 6
[23:46:12.727] [SPAWN] Spawning 6 units for ENEMY team
[23:46:12.727] [SPAWN] Lumina created: IsEnemy=True, Slot=0, Column=0, Row=0, HP=95/95, ATK=9
[23:46:12.728] [SPAWN] GameObject instantiated: EN_Lumina_0
[23:46:12.728] [INDICATOR] Created default visual for EN_Lumina_0
[23:46:12.728] [COLOR] Applied RED (Enemy) to Lumina
[23:46:12.728] [VIEW-REFRESH] Lumina alive=True, _deathAnimationStarted=False
[23:46:12.729] [SPAWN] View bound successfully for Lumina
[23:46:12.729] [SPAWN] Merlin created: IsEnemy=True, Slot=1, Column=1, Row=0, HP=85/85, ATK=15
[23:46:12.730] [SPAWN] GameObject instantiated: EN_Merlin_1
[23:46:12.730] [INDICATOR] Created default visual for EN_Merlin_1
[23:46:12.730] [COLOR] Applied RED (Enemy) to Merlin
[23:46:12.730] [VIEW-REFRESH] Merlin alive=True, _deathAnimationStarted=False
[23:46:12.730] [SPAWN] View bound successfully for Merlin
[23:46:12.730] [SPAWN] Mortis created: IsEnemy=True, Slot=2, Column=2, Row=0, HP=85/85, ATK=14
[23:46:12.731] [SPAWN] GameObject instantiated: EN_Mortis_2
[23:46:12.731] [INDICATOR] Created default visual for EN_Mortis_2
[23:46:12.732] [COLOR] Applied RED (Enemy) to Mortis
[23:46:12.732] [VIEW-REFRESH] Mortis alive=True, _deathAnimationStarted=False
[23:46:12.732] [SPAWN] View bound successfully for Mortis
[23:46:12.732] [SPAWN] Kaito created: IsEnemy=True, Slot=3, Column=0, Row=1, HP=90/90, ATK=20
[23:46:12.732] [SPAWN] GameObject instantiated: EN_Kaito_3
[23:46:12.732] [INDICATOR] Created default visual for EN_Kaito_3
[23:46:12.732] [COLOR] Applied RED (Enemy) to Kaito
[23:46:12.732] [VIEW-REFRESH] Kaito alive=True, _deathAnimationStarted=False
[23:46:12.732] [SPAWN] View bound successfully for Kaito
[23:46:12.732] [SPAWN] Kuro created: IsEnemy=True, Slot=4, Column=1, Row=1, HP=75/75, ATK=12
[23:46:12.734] [SPAWN] GameObject instantiated: EN_Kuro_4
[23:46:12.734] [INDICATOR] Created default visual for EN_Kuro_4
[23:46:12.734] [COLOR] Applied RED (Enemy) to Kuro
[23:46:12.734] [VIEW-REFRESH] Kuro alive=True, _deathAnimationStarted=False
[23:46:12.735] [SPAWN] View bound successfully for Kuro
[23:46:12.735] [SPAWN] Draven created: IsEnemy=True, Slot=5, Column=2, Row=1, HP=210/210, ATK=16
[23:46:12.735] [SPAWN] GameObject instantiated: EN_Draven_5
[23:46:12.735] [INDICATOR] Created default visual for EN_Draven_5
[23:46:12.735] [COLOR] Applied RED (Enemy) to Draven
[23:46:12.735] [VIEW-REFRESH] Draven alive=True, _deathAnimationStarted=False
[23:46:12.735] [SPAWN] View bound successfully for Draven
[23:46:12.735] [SPAWN] Team spawn complete. Total units in battle: 12
[23:46:12.736] [INIT] All units spawned. Total units: 12
[23:46:12.736] [INIT] Player units: Aurelius, Elara, Malzahar, Aegis, Gorok, Artemis
[23:46:12.736] [INIT] Enemy units: Lumina, Merlin, Mortis, Kaito, Kuro, Draven
[23:46:12.736] [PASSIVE] 🌟 Aegis triggers 'Protective Shield' (OnBattleStart)
[23:46:12.736] [PASSIVE]    Effect: Shield, Value: 30, Modifier: 0.2, Duration: 99
[23:46:12.736] [PASSIVE]    Targeting 6 allies: Aurelius, Elara, Malzahar, Aegis, Gorok, Artemis
[23:46:12.736] [EFFECT] ✨ Applying Shield to Aurelius: value=30, modifier=0, duration=99
[23:46:12.736] [EFFECT]    🛡️ Shield added: 0 -> 30 (stacked)
[23:46:12.737] [EFFECT] ✨ Applying Shield to Elara: value=30, modifier=0, duration=99
[23:46:12.737] [EFFECT]    🛡️ Shield added: 0 -> 30 (stacked)
[23:46:12.737] [EFFECT] ✨ Applying Shield to Malzahar: value=30, modifier=0, duration=99
[23:46:12.737] [EFFECT]    🛡️ Shield added: 0 -> 30 (stacked)
[23:46:12.737] [EFFECT] ✨ Applying Shield to Aegis: value=30, modifier=0, duration=99
[23:46:12.737] [EFFECT]    🛡️ Shield added: 0 -> 30 (stacked)
[23:46:12.737] [EFFECT] ✨ Applying Shield to Gorok: value=30, modifier=0, duration=99
[23:46:12.737] [EFFECT]    🛡️ Shield added: 0 -> 30 (stacked)
[23:46:12.737] [EFFECT] ✨ Applying Shield to Artemis: value=30, modifier=0, duration=99
[23:46:12.737] [EFFECT]    🛡️ Shield added: 0 -> 30 (stacked)
[23:46:12.737] [PASSIVE] ✅ Passive 'Protective Shield' complete
[23:46:12.737] [PASSIVE] 🌟 Kuro triggers 'Quick Strike' (OnBattleStart)
[23:46:12.737] [PASSIVE]    Effect: ATKUp, Value: 0, Modifier: 0.2, Duration: 1
[23:46:12.737] [PASSIVE]    Targeting self: Kuro
[23:46:12.737] [EFFECT] ✨ Applying ATKUp to Kuro: value=0, modifier=0.2, duration=1
[23:46:12.737] [EFFECT]    📊 ATKUp applied: 20 % for 1 turns
[23:46:12.737] [PASSIVE] ✅ Passive 'Quick Strike' complete
[23:46:12.737] [INFO]  Start() called. Spawning done. Starting coroutine...
[23:46:12.737] [DEBUG] Checking victory conditions (Turn Start) - Player team dead: False, Enemy team dead: False
[23:46:12.739] [TURN] Timeline: Kaito -> Artemis -> Elara -> Kuro -> Lumina -> Malzahar -> Merlin -> Mortis -> Aegis -> Draven -> Aurelius -> Gorok
[23:46:12.739] [PASSIVE] 🌟 Elara triggers 'Combat Boost' (OnTurnStart)
[23:46:12.739] [PASSIVE]    Effect: ATKUp, Value: 0, Modifier: 0.2, Duration: 1
[23:46:12.739] [PASSIVE]    Targeting 6 allies: Aurelius, Elara, Malzahar, Aegis, Gorok, Artemis
[23:46:12.739] [EFFECT] ✨ Applying ATKUp to Aurelius: value=0, modifier=0.2, duration=1
[23:46:12.739] [EFFECT]    📊 ATKUp applied: 20 % for 1 turns
[23:46:12.739] [EFFECT] ✨ Applying ATKUp to Elara: value=0, modifier=0.2, duration=1
[23:46:12.739] [EFFECT]    📊 ATKUp applied: 20 % for 1 turns
[23:46:12.739] [EFFECT] ✨ Applying ATKUp to Malzahar: value=0, modifier=0.2, duration=1
[23:46:12.739] [EFFECT]    📊 ATKUp applied: 20 % for 1 turns
[23:46:12.739] [EFFECT] ✨ Applying ATKUp to Aegis: value=0, modifier=0.2, duration=1
[23:46:12.740] [EFFECT]    📊 ATKUp applied: 20 % for 1 turns
[23:46:12.740] [EFFECT] ✨ Applying ATKUp to Gorok: value=0, modifier=0.2, duration=1
[23:46:12.740] [EFFECT]    📊 ATKUp applied: 20 % for 1 turns
[23:46:12.740] [EFFECT] ✨ Applying ATKUp to Artemis: value=0, modifier=0.2, duration=1
[23:46:12.740] [EFFECT]    📊 ATKUp applied: 20 % for 1 turns
[23:46:12.740] [PASSIVE] ✅ Passive 'Combat Boost' complete
[23:46:12.740] [TURN] Unit: Kaito, IsEnemy: True, HP: 90/90, Energy: 0
[23:46:12.740] [TURN] ATK: 20, DEF: 5, SPD: 17, Type: Melee
[23:46:12.740] [INFO] [TARGET] Kaito (Col 0) selecting target...
[23:46:12.740] [TARGET] → Found front row target: Aurelius (Col 0, Row 0)
[23:46:12.740] [BASIC] ⚔️ Kaito (ATK:20, Type:Melee) -> Aurelius (HP:165/165, DEF:18)
[23:46:12.740] [BASIC] Moving Kaito to target position (Melee)
[TEST] Player Energy: 2, Enemy Energy: 2
[...]
[23:46:23.526] [COLOR] Applied RED (Enemy) to Lumina
[23:46:23.526] [VIEW-REFRESH] Lumina alive=True, _deathAnimationStarted=False
[23:46:23.526] [SPAWN] View bound successfully for Lumina
[23:46:23.526] [SPAWN] Merlin created: IsEnemy=True, Slot=1, Column=1, Row=0, HP=85/85, ATK=15
[23:46:23.526] [SPAWN] GameObject instantiated: EN_Merlin_1
[23:46:23.527] [INDICATOR] Created default visual for EN_Merlin_1
[23:46:23.527] [COLOR] Applied RED (Enemy) to Merlin
[23:46:23.527] [VIEW-REFRESH] Merlin alive=True, _deathAnimationStarted=False
[23:46:23.527] [SPAWN] View bound successfully for Merlin
[23:46:23.527] [SPAWN] Mortis created: IsEnemy=True, Slot=2, Column=2, Row=0, HP=85/85, ATK=14
[23:46:23.527] [SPAWN] GameObject instantiated: EN_Mortis_2
[23:46:23.528] [INDICATOR] Created default visual for EN_Mortis_2
[23:46:23.528] [COLOR] Applied RED (Enemy) to Mortis
[23:46:23.528] [VIEW-REFRESH] Mortis alive=True, _deathAnimationStarted=False
[23:46:23.528] [SPAWN] View bound successfully for Mortis
[23:46:23.528] [SPAWN] Kaito created: IsEnemy=True, Slot=3, Column=0, Row=1, HP=90/90, ATK=20
[23:46:23.528] [SPAWN] GameObject instantiated: EN_Kaito_3
[23:46:23.528] [INDICATOR] Created default visual for EN_Kaito_3
[23:46:23.530] [COLOR] Applied RED (Enemy) to Kaito
[23:46:23.530] [VIEW-REFRESH] Kaito alive=True, _deathAnimationStarted=False
[23:46:23.530] [SPAWN] View bound successfully for Kaito
[23:46:23.530] [SPAWN] Kuro created: IsEnemy=True, Slot=4, Column=1, Row=1, HP=75/75, ATK=12
[23:46:23.530] [SPAWN] GameObject instantiated: EN_Kuro_4
[23:46:23.531] [INDICATOR] Created default visual for EN_Kuro_4
[23:46:23.531] [COLOR] Applied RED (Enemy) to Kuro
[23:46:23.531] [VIEW-REFRESH] Kuro alive=True, _deathAnimationStarted=False
[23:46:23.531] [SPAWN] View bound successfully for Kuro
[23:46:23.531] [SPAWN] Draven created: IsEnemy=True, Slot=5, Column=2, Row=1, HP=210/210, ATK=16
[23:46:23.531] [SPAWN] GameObject instantiated: EN_Draven_5
[23:46:23.531] [INDICATOR] Created default visual for EN_Draven_5
[23:46:23.532] [COLOR] Applied RED (Enemy) to Draven
[23:46:23.532] [VIEW-REFRESH] Draven alive=True, _deathAnimationStarted=False
[23:46:23.532] [SPAWN] View bound successfully for Draven
[23:46:23.532] [SPAWN] Team spawn complete. Total units in battle: 12
[23:46:23.532] [INIT] All units spawned. Total units: 12
[23:46:23.532] [INIT] Player units: Aurelius, Elara, Malzahar, Aegis, Gorok, Artemis
[23:46:23.532] [INIT] Enemy units: Lumina, Merlin, Mortis, Kaito, Kuro, Draven
[23:46:23.532] [PASSIVE] 🌟 Aegis triggers 'Protective Shield' (OnBattleStart)
[23:46:23.532] [PASSIVE]    Effect: Shield, Value: 30, Modifier: 0.2, Duration: 99
[23:46:23.532] [PASSIVE]    Targeting 6 allies: Aurelius, Elara, Malzahar, Aegis, Gorok, Artemis
[23:46:23.533] [EFFECT] ✨ Applying Shield to Aurelius: value=30, modifier=0, duration=99
[23:46:23.533] [EFFECT]    🛡️ Shield added: 0 -> 30 (stacked)
[23:46:23.533] [EFFECT] ✨ Applying Shield to Elara: value=30, modifier=0, duration=99
[23:46:23.533] [EFFECT]    🛡️ Shield added: 0 -> 30 (stacked)
[23:46:23.533] [EFFECT] ✨ Applying Shield to Malzahar: value=30, modifier=0, duration=99
[23:46:23.533] [EFFECT]    🛡️ Shield added: 0 -> 30 (stacked)
[23:46:23.533] [EFFECT] ✨ Applying Shield to Aegis: value=30, modifier=0, duration=99
[23:46:23.533] [EFFECT]    🛡️ Shield added: 0 -> 30 (stacked)
[23:46:23.533] [EFFECT] ✨ Applying Shield to Gorok: value=30, modifier=0, duration=99
[23:46:23.533] [EFFECT]    🛡️ Shield added: 0 -> 30 (stacked)
[23:46:23.533] [EFFECT] ✨ Applying Shield to Artemis: value=30, modifier=0, duration=99
[23:46:23.533] [EFFECT]    🛡️ Shield added: 0 -> 30 (stacked)
[23:46:23.533] [PASSIVE] ✅ Passive 'Protective Shield' complete
[23:46:23.533] [PASSIVE] 🌟 Kuro triggers 'Quick Strike' (OnBattleStart)
[23:46:23.533] [PASSIVE]    Effect: ATKUp, Value: 0, Modifier: 0.2, Duration: 1
[23:46:23.534] [PASSIVE]    Targeting self: Kuro
[23:46:23.534] [EFFECT] ✨ Applying ATKUp to Kuro: value=0, modifier=0.2, duration=1
[23:46:23.534] [EFFECT]    📊 ATKUp applied: 20 % for 1 turns
[23:46:23.534] [PASSIVE] ✅ Passive 'Quick Strike' complete
[23:46:23.534] [INFO]  Start() called. Spawning done. Starting coroutine...
[23:46:23.534] [DEBUG] Checking victory conditions (Turn Start) - Player team dead: False, Enemy team dead: False
[23:46:23.534] [TURN] Timeline: Kaito -> Artemis -> Elara -> Kuro -> Lumina -> Malzahar -> Merlin -> Mortis -> Aegis -> Draven -> Aurelius -> Gorok
[23:46:23.534] [PASSIVE] 🌟 Elara triggers 'Combat Boost' (OnTurnStart)
[23:46:23.534] [PASSIVE]    Effect: ATKUp, Value: 0, Modifier: 0.2, Duration: 1
[23:46:23.534] [PASSIVE]    Targeting 6 allies: Aurelius, Elara, Malzahar, Aegis, Gorok, Artemis
[23:46:23.535] [EFFECT] ✨ Applying ATKUp to Aurelius: value=0, modifier=0.2, duration=1
[23:46:23.535] [EFFECT]    📊 ATKUp applied: 20 % for 1 turns
[23:46:23.535] [EFFECT] ✨ Applying ATKUp to Elara: value=0, modifier=0.2, duration=1
[23:46:23.535] [EFFECT]    📊 ATKUp applied: 20 % for 1 turns
[23:46:23.535] [EFFECT] ✨ Applying ATKUp to Malzahar: value=0, modifier=0.2, duration=1
[23:46:23.535] [EFFECT]    📊 ATKUp applied: 20 % for 1 turns
[23:46:23.535] [EFFECT] ✨ Applying ATKUp to Aegis: value=0, modifier=0.2, duration=1
[23:46:23.535] [EFFECT]    📊 ATKUp applied: 20 % for 1 turns
[23:46:23.535] [EFFECT] ✨ Applying ATKUp to Gorok: value=0, modifier=0.2, duration=1
[23:46:23.535] [EFFECT]    📊 ATKUp applied: 20 % for 1 turns
[23:46:23.536] [EFFECT] ✨ Applying ATKUp to Artemis: value=0, modifier=0.2, duration=1
[23:46:23.536] [EFFECT]    📊 ATKUp applied: 20 % for 1 turns
[23:46:23.536] [PASSIVE] ✅ Passive 'Combat Boost' complete
[23:46:23.536] [TURN] Unit: Kaito, IsEnemy: True, HP: 90/90, Energy: 0
[23:46:23.536] [TURN] ATK: 20, DEF: 5, SPD: 17, Type: Melee
[23:46:23.537] [INFO] [TARGET] Kaito (Col 0) selecting target...
[23:46:23.537] [TARGET] → Found front row target: Aurelius (Col 0, Row 0)
[23:46:23.537] [BASIC] ⚔️ Kaito (ATK:20, Type:Melee) -> Aurelius (HP:165/165, DEF:18)
[23:46:23.537] [BASIC] Moving Kaito to target position (Melee)
[FileLogger] Shutdown complete. Log saved to: D:/Projects/GameDevelopment/Unity/Vanguard Arena/Assets\..\battle_debug.log
]]></output>
                </test-case>
                <test-case id="1021" name="UnitView_HasHPBar" fullname="VanguardArena.Tests.PlayMode.Integration.UISystemTests.UnitView_HasHPBar" methodname="UnitView_HasHPBar" classname="VanguardArena.Tests.PlayMode.Integration.UISystemTests" runstate="Runnable" seed="2025820166" result="Passed" start-time="2026-01-30 16:46:23Z" end-time="2026-01-30 16:46:23Z" duration="0.110479" asserts="0">
                  <properties>
                    <property name="_JOINTYPE" value="UnityCombinatorial" />
                    <property name="retryIteration" value="0" />
                    <property name="repeatIteration" value="0" />
                  </properties>
                  <output><![CDATA[[FileLogger] Initialized. Logging to: D:/Projects/GameDevelopment/Unity/Vanguard Arena/Assets\..\battle_debug.log
[23:46:23.606] [INFO] HUD root children=1 names: root
[23:46:23.606] [HUD] HUD found btnBasic=True, btnUlt=True, btnPassive=True, actionPanel=True
[23:46:23.607] [HUD] HUD doc VTA = BattleHUD
[23:46:23.607] [INIT] BattleController initialized
[23:46:23.609] [INFO]  Initialized DamagePopup pool with 15 instances.
[23:46:23.610] [INIT] Player lineup count: 6, Enemy lineup count: 6
[23:46:23.610] [SPAWN] Spawning 6 units for PLAYER team
[23:46:23.610] [SPAWN] Aurelius created: IsEnemy=False, Slot=0, Column=0, Row=0, HP=165/165, ATK=10
[23:46:23.611] [SPAWN] GameObject instantiated: PL_Aurelius_0
[23:46:23.611] [INDICATOR] Created default visual for PL_Aurelius_0
[23:46:23.611] [COLOR] Applied BLUE (Player) to Aurelius
[23:46:23.611] [VIEW-REFRESH] Aurelius alive=True, _deathAnimationStarted=False
[23:46:23.611] [SPAWN] View bound successfully for Aurelius
[23:46:23.611] [SPAWN] Elara created: IsEnemy=False, Slot=1, Column=1, Row=0, HP=80/80, ATK=8
[23:46:23.611] [SPAWN] GameObject instantiated: PL_Elara_1
[23:46:23.613] [INDICATOR] Created default visual for PL_Elara_1
[23:46:23.613] [COLOR] Applied BLUE (Player) to Elara
[23:46:23.613] [VIEW-REFRESH] Elara alive=True, _deathAnimationStarted=False
[23:46:23.613] [SPAWN] View bound successfully for Elara
[23:46:23.613] [SPAWN] Malzahar created: IsEnemy=False, Slot=2, Column=2, Row=0, HP=80/80, ATK=16
[23:46:23.614] [SPAWN] GameObject instantiated: PL_Malzahar_2
[23:46:23.614] [INDICATOR] Created default visual for PL_Malzahar_2
[23:46:23.614] [COLOR] Applied BLUE (Player) to Malzahar
[23:46:23.614] [VIEW-REFRESH] Malzahar alive=True, _deathAnimationStarted=False
[23:46:23.614] [SPAWN] View bound successfully for Malzahar
[23:46:23.614] [SPAWN] Aegis created: IsEnemy=False, Slot=3, Column=0, Row=1, HP=150/150, ATK=8
[23:46:23.615] [SPAWN] GameObject instantiated: PL_Aegis_3
[23:46:23.615] [INDICATOR] Created default visual for PL_Aegis_3
[23:46:23.615] [COLOR] Applied BLUE (Player) to Aegis
[23:46:23.616] [VIEW-REFRESH] Aegis alive=True, _deathAnimationStarted=False
[23:46:23.616] [SPAWN] View bound successfully for Aegis
[23:46:23.616] [SPAWN] Gorok created: IsEnemy=False, Slot=4, Column=1, Row=1, HP=135/135, ATK=9
[23:46:23.617] [SPAWN] GameObject instantiated: PL_Gorok_4
[23:46:23.617] [INDICATOR] Created default visual for PL_Gorok_4
[23:46:23.617] [COLOR] Applied BLUE (Player) to Gorok
[23:46:23.617] [VIEW-REFRESH] Gorok alive=True, _deathAnimationStarted=False
[23:46:23.617] [SPAWN] View bound successfully for Gorok
[23:46:23.617] [SPAWN] Artemis created: IsEnemy=False, Slot=5, Column=2, Row=1, HP=70/70, ATK=15
[23:46:23.618] [SPAWN] GameObject instantiated: PL_Artemis_5
[23:46:23.618] [INDICATOR] Created default visual for PL_Artemis_5
[23:46:23.618] [COLOR] Applied BLUE (Player) to Artemis
[23:46:23.618] [VIEW-REFRESH] Artemis alive=True, _deathAnimationStarted=False
[23:46:23.618] [SPAWN] View bound successfully for Artemis
[23:46:23.618] [SPAWN] Team spawn complete. Total units in battle: 6
[23:46:23.618] [SPAWN] Spawning 6 units for ENEMY team
[23:46:23.618] [SPAWN] Lumina created: IsEnemy=True, Slot=0, Column=0, Row=0, HP=95/95, ATK=9
[23:46:23.619] [SPAWN] GameObject instantiated: EN_Lumina_0
[23:46:23.619] [INDICATOR] Created default visual for EN_Lumina_0
[23:46:23.619] [COLOR] Applied RED (Enemy) to Lumina
[23:46:23.619] [VIEW-REFRESH] Lumina alive=True, _deathAnimationStarted=False
[23:46:23.619] [SPAWN] View bound successfully for Lumina
[23:46:23.619] [SPAWN] Merlin created: IsEnemy=True, Slot=1, Column=1, Row=0, HP=85/85, ATK=15
[23:46:23.621] [SPAWN] GameObject instantiated: EN_Merlin_1
[23:46:23.621] [INDICATOR] Created default visual for EN_Merlin_1
[23:46:23.621] [COLOR] Applied RED (Enemy) to Merlin
[23:46:23.621] [VIEW-REFRESH] Merlin alive=True, _deathAnimationStarted=False
[23:46:23.621] [SPAWN] View bound successfully for Merlin
[23:46:23.621] [SPAWN] Mortis created: IsEnemy=True, Slot=2, Column=2, Row=0, HP=85/85, ATK=14
[23:46:23.622] [SPAWN] GameObject instantiated: EN_Mortis_2
[23:46:23.622] [INDICATOR] Created default visual for EN_Mortis_2
[23:46:23.622] [COLOR] Applied RED (Enemy) to Mortis
[23:46:23.622] [VIEW-REFRESH] Mortis alive=True, _deathAnimationStarted=False
[23:46:23.623] [SPAWN] View bound successfully for Mortis
[23:46:23.623] [SPAWN] Kaito created: IsEnemy=True, Slot=3, Column=0, Row=1, HP=90/90, ATK=20
[23:46:23.624] [SPAWN] GameObject instantiated: EN_Kaito_3
[23:46:23.624] [INDICATOR] Created default visual for EN_Kaito_3
[23:46:23.624] [COLOR] Applied RED (Enemy) to Kaito
[23:46:23.624] [VIEW-REFRESH] Kaito alive=True, _deathAnimationStarted=False
[23:46:23.624] [SPAWN] View bound successfully for Kaito
[23:46:23.624] [SPAWN] Kuro created: IsEnemy=True, Slot=4, Column=1, Row=1, HP=75/75, ATK=12
[23:46:23.624] [SPAWN] GameObject instantiated: EN_Kuro_4
[23:46:23.624] [INDICATOR] Created default visual for EN_Kuro_4
[23:46:23.624] [COLOR] Applied RED (Enemy) to Kuro
[23:46:23.626] [VIEW-REFRESH] Kuro alive=True, _deathAnimationStarted=False
[23:46:23.626] [SPAWN] View bound successfully for Kuro
[23:46:23.626] [SPAWN] Draven created: IsEnemy=True, Slot=5, Column=2, Row=1, HP=210/210, ATK=16
[23:46:23.626] [SPAWN] GameObject instantiated: EN_Draven_5
[23:46:23.626] [INDICATOR] Created default visual for EN_Draven_5
[23:46:23.627] [COLOR] Applied RED (Enemy) to Draven
[23:46:23.627] [VIEW-REFRESH] Draven alive=True, _deathAnimationStarted=False
[23:46:23.627] [SPAWN] View bound successfully for Draven
[23:46:23.627] [SPAWN] Team spawn complete. Total units in battle: 12
[23:46:23.627] [INIT] All units spawned. Total units: 12
[23:46:23.627] [INIT] Player units: Aurelius, Elara, Malzahar, Aegis, Gorok, Artemis
[23:46:23.627] [INIT] Enemy units: Lumina, Merlin, Mortis, Kaito, Kuro, Draven
[23:46:23.627] [PASSIVE] 🌟 Aegis triggers 'Protective Shield' (OnBattleStart)
[23:46:23.627] [PASSIVE]    Effect: Shield, Value: 30, Modifier: 0.2, Duration: 99
[23:46:23.627] [PASSIVE]    Targeting 6 allies: Aurelius, Elara, Malzahar, Aegis, Gorok, Artemis
[23:46:23.627] [EFFECT] ✨ Applying Shield to Aurelius: value=30, modifier=0, duration=99
[23:46:23.627] [EFFECT]    🛡️ Shield added: 0 -> 30 (stacked)
[23:46:23.628] [EFFECT] ✨ Applying Shield to Elara: value=30, modifier=0, duration=99
[23:46:23.628] [EFFECT]    🛡️ Shield added: 0 -> 30 (stacked)
[23:46:23.628] [EFFECT] ✨ Applying Shield to Malzahar: value=30, modifier=0, duration=99
[23:46:23.628] [EFFECT]    🛡️ Shield added: 0 -> 30 (stacked)
[23:46:23.628] [EFFECT] ✨ Applying Shield to Aegis: value=30, modifier=0, duration=99
[23:46:23.628] [EFFECT]    🛡️ Shield added: 0 -> 30 (stacked)
[23:46:23.628] [EFFECT] ✨ Applying Shield to Gorok: value=30, modifier=0, duration=99
[23:46:23.628] [EFFECT]    🛡️ Shield added: 0 -> 30 (stacked)
[23:46:23.628] [EFFECT] ✨ Applying Shield to Artemis: value=30, modifier=0, duration=99
[23:46:23.628] [EFFECT]    🛡️ Shield added: 0 -> 30 (stacked)
[23:46:23.628] [PASSIVE] ✅ Passive 'Protective Shield' complete
[23:46:23.628] [PASSIVE] 🌟 Kuro triggers 'Quick Strike' (OnBattleStart)
[23:46:23.628] [PASSIVE]    Effect: ATKUp, Value: 0, Modifier: 0.2, Duration: 1
[23:46:23.628] [PASSIVE]    Targeting self: Kuro
[23:46:23.628] [EFFECT] ✨ Applying ATKUp to Kuro: value=0, modifier=0.2, duration=1
[23:46:23.629] [EFFECT]    📊 ATKUp applied: 20 % for 1 turns
[23:46:23.629] [PASSIVE] ✅ Passive 'Quick Strike' complete
[23:46:23.629] [INFO]  Start() called. Spawning done. Starting coroutine...
[23:46:23.629] [DEBUG] Checking victory conditions (Turn Start) - Player team dead: False, Enemy team dead: False
[23:46:23.629] [TURN] Timeline: Kaito -> Artemis -> Elara -> Kuro -> Lumina -> Malzahar -> Merlin -> Mortis -> Aegis -> Draven -> Aurelius -> Gorok
[23:46:23.629] [PASSIVE] 🌟 Elara triggers 'Combat Boost' (OnTurnStart)
[23:46:23.629] [PASSIVE]    Effect: ATKUp, Value: 0, Modifier: 0.2, Duration: 1
[23:46:23.629] [PASSIVE]    Targeting 6 allies: Aurelius, Elara, Malzahar, Aegis, Gorok, Artemis
[23:46:23.629] [EFFECT] ✨ Applying ATKUp to Aurelius: value=0, modifier=0.2, duration=1
[23:46:23.630] [EFFECT]    📊 ATKUp applied: 20 % for 1 turns
[23:46:23.630] [EFFECT] ✨ Applying ATKUp to Elara: value=0, modifier=0.2, duration=1
[23:46:23.630] [EFFECT]    📊 ATKUp applied: 20 % for 1 turns
[23:46:23.630] [EFFECT] ✨ Applying ATKUp to Malzahar: value=0, modifier=0.2, duration=1
[23:46:23.630] [EFFECT]    📊 ATKUp applied: 20 % for 1 turns
[23:46:23.630] [EFFECT] ✨ Applying ATKUp to Aegis: value=0, modifier=0.2, duration=1
[23:46:23.631] [EFFECT]    📊 ATKUp applied: 20 % for 1 turns
[23:46:23.631] [EFFECT] ✨ Applying ATKUp to Gorok: value=0, modifier=0.2, duration=1
[23:46:23.631] [EFFECT]    📊 ATKUp applied: 20 % for 1 turns
[23:46:23.631] [EFFECT] ✨ Applying ATKUp to Artemis: value=0, modifier=0.2, duration=1
[23:46:23.631] [EFFECT]    📊 ATKUp applied: 20 % for 1 turns
[23:46:23.631] [PASSIVE] ✅ Passive 'Combat Boost' complete
[23:46:23.631] [TURN] Unit: Kaito, IsEnemy: True, HP: 90/90, Energy: 0
[23:46:23.631] [TURN] ATK: 20, DEF: 5, SPD: 17, Type: Melee
[23:46:23.631] [INFO] [TARGET] Kaito (Col 0) selecting target...
[23:46:23.631] [TARGET] → Found front row target: Aurelius (Col 0, Row 0)
[23:46:23.631] [BASIC] ⚔️ Kaito (ATK:20, Type:Melee) -> Aurelius (HP:165/165, DEF:18)
[23:46:23.632] [BASIC] Moving Kaito to target position (Melee)
[TEST] Starting battle with 1 players, 0 enemies, seed=999
[23:46:23.667] [TEST-INIT] Initializing test battle with 1 players, 0 enemies, seed=999
[23:46:23.667] [ENERGY] ⚡ Energy reset to 2
[23:46:23.667] [ENERGY] ⚡ Energy reset to 2
[23:46:23.669] [SPAWN] Spawning 1 units for PLAYER team
[23:46:23.669] [SPAWN] ⚠️ Slot 0 has null definition or prefab. Skipping.
[23:46:23.669] [SPAWN] Team spawn complete. Total units in battle: 12
[23:46:23.669] [SPAWN] Spawning 0 units for ENEMY team
[23:46:23.669] [SPAWN] Team spawn complete. Total units in battle: 12
[23:46:23.669] [TEST-INIT] Units spawned: 12 total
[23:46:23.669] [TEST-INIT] Test battle initialized. Call StartTestBattle() to begin.
[23:46:23.669] [TEST] Starting test battle coroutine
[23:46:23.669] [DEBUG] Checking victory conditions (Turn Start) - Player team dead: False, Enemy team dead: False
[23:46:23.669] [TURN] Timeline: Kaito -> Artemis -> Elara -> Kuro -> Lumina -> Malzahar -> Merlin -> Mortis -> Aegis -> Draven -> Aurelius -> Gorok
[23:46:23.669] [PASSIVE] 🌟 Elara triggers 'Combat Boost' (OnTurnStart)
[23:46:23.670] [PASSIVE]    Effect: ATKUp, Value: 0, Modifier: 0.2, Duration: 1
[23:46:23.670] [PASSIVE]    Targeting 6 allies: Aurelius, Elara, Malzahar, Aegis, Gorok, Artemis
[23:46:23.670] [EFFECT] ✨ Applying ATKUp to Aurelius: value=0, modifier=0.2, duration=1
[23:46:23.670] [EFFECT]    📊 ATKUp stacked: 20 % for 1 turns (total: 2 stacks)
[23:46:23.670] [EFFECT] ✨ Applying ATKUp to Elara: value=0, modifier=0.2, duration=1
[23:46:23.670] [EFFECT]    📊 ATKUp stacked: 20 % for 1 turns (total: 2 stacks)
[23:46:23.670] [EFFECT] ✨ Applying ATKUp to Malzahar: value=0, modifier=0.2, duration=1
[23:46:23.670] [EFFECT]    📊 ATKUp stacked: 20 % for 1 turns (total: 2 stacks)
[23:46:23.671] [EFFECT] ✨ Applying ATKUp to Aegis: value=0, modifier=0.2, duration=1
[23:46:23.671] [EFFECT]    📊 ATKUp stacked: 20 % for 1 turns (total: 2 stacks)
[23:46:23.671] [EFFECT] ✨ Applying ATKUp to Gorok: value=0, modifier=0.2, duration=1
[23:46:23.671] [EFFECT]    📊 ATKUp stacked: 20 % for 1 turns (total: 2 stacks)
[23:46:23.671] [EFFECT] ✨ Applying ATKUp to Artemis: value=0, modifier=0.2, duration=1
[23:46:23.671] [EFFECT]    📊 ATKUp stacked: 20 % for 1 turns (total: 2 stacks)
[23:46:23.671] [PASSIVE] ✅ Passive 'Combat Boost' complete
[23:46:23.671] [TURN] Unit: Kaito, IsEnemy: True, HP: 90/90, Energy: 1
[23:46:23.671] [TURN] ATK: 20, DEF: 5, SPD: 17, Type: Melee
[23:46:23.672] [INFO]  Enemy Kaito energy consumed: 2. Before: 2
[23:46:23.672] [INFO] [TARGET] Kaito (Col 0) selecting target...
[23:46:23.672] [TARGET] → Found front row target: Aurelius (Col 0, Row 0)
[23:46:23.672] [ULTIMATE] Kaito proceeding with 1 target(s). Routing to Single handler.
[23:46:23.672] [ULTIMATE-SINGLE] 💥 Kaito -> Aurelius (ATTACK)
[23:46:23.672] [ULTIMATE-SINGLE] Actor: ATK=20, Type=Melee
[23:46:23.672] [ULTIMATE-SINGLE] Target: HP=165/165, DEF=18
[23:46:23.672] [ULTIMATE-SINGLE] Actor transform found: EN_Kaito_3
[23:46:23.672] [ULTIMATE-SINGLE] Moving melee unit to target
[TEST] Battle started. IsBattleOver=False
[TEST] Unit has UnitOverheadHud
[FileLogger] Shutdown complete. Log saved to: D:/Projects/GameDevelopment/Unity/Vanguard Arena/Assets\..\battle_debug.log
Saving results to: C:/Users/kali/AppData/LocalLow/DefaultCompany/Vanguard Arena\TestResults.xml
]]></output>
                </test-case>
              </test-suite>
            </test-suite>
          </test-suite>
        </test-suite>
      </test-suite>
    </test-suite>
  </test-suite>
</test-run>